2026-04-23 09:11:29,839 - Loaded 10172 samples from /drive1/cuongtm/hienlt/moe/dataset/moe/pr_sv_no_comment/under/primevul_sven_train_nocmt_under.jsonl
2026-04-23 09:11:29,897 - Loaded 1282 samples from /drive1/cuongtm/hienlt/moe/dataset/moe/pr_sv_no_comment/under/primevul_sven_val_nocmt_under.jsonl
2026-04-23 09:11:30,550 - Loaded 22606 samples from /drive1/cuongtm/hienlt/moe/dataset/moe/pr_sv_no_comment/nounder/primevul_sven_test_nocmt_nounder.jsonl
2026-04-23 09:11:30,609 - LANG_CLUSTER=True -> cluster_type is remapped from language index
2026-04-23 09:11:30,609 -   Unique languages: 2
2026-04-23 09:11:30,609 -   Language to index map: {'CCPP': 0, 'Python': 1}
2026-04-23 09:11:30,638 - 
============================================================
2026-04-23 09:11:30,638 - TRAINING DEVICE: cuda
2026-04-23 09:11:30,638 - ============================================================
2026-04-23 09:11:30,668 - GPU: NVIDIA RTX A4000
2026-04-23 09:11:30,668 - CUDA Version: 12.8
2026-04-23 09:11:30,668 - Available Memory: 16.89 GB
2026-04-23 09:11:30,668 - Training samples: 10172, Val: 1282, Test: 22606
2026-04-23 09:11:30,668 - 
Analyzing cluster_type distribution...
2026-04-23 09:11:30,691 - Unique CWE indices found: 2
2026-04-23 09:11:30,691 -   Positive CWE IDs: 2
2026-04-23 09:11:30,691 -   Negative CWE IDs (special values): 0 []
2026-04-23 09:11:30,691 - CWE index range: [0, 1]
2026-04-23 09:11:30,691 - Number of CWE classes (for positive, max+1): 2
2026-04-23 09:11:30,732 - 
Auto CWE clustering enabled
2026-04-23 09:11:30,732 -   Total unique CWE classes: 2
2026-04-23 09:11:30,732 -   Positive CWE IDs: 2
2026-04-23 09:11:30,732 -   Negative CWE IDs (special): 0 []
2026-04-23 09:11:30,732 -   Positive CWEs with > 20 samples: 2
2026-04-23 09:11:30,732 -   Positive CWEs with <= 20 samples (will be merged): 0
2026-04-23 09:11:30,732 -   Router experts/clusters: 4
2026-04-23 09:11:30,732 -   Cluster loads (samples): [33300, 760, 0, 0]
2026-04-23 09:11:30,733 - Setting num_experts (clustered) = 4
2026-04-23 09:11:30,766 - Python CWE set size (cweDpy): 4
2026-04-23 09:11:30,766 - 
Validating cluster_type indices and clusters...
2026-04-23 09:11:30,790 -   CWE range in data: [0, 1]
2026-04-23 09:11:30,791 -   Positive CWE range: [0, 1]
2026-04-23 09:11:30,791 -   Raw CWE range required: [0, 1] (positive only)
2026-04-23 09:11:30,791 -   Negative CWE values (special): []
2026-04-23 09:11:30,791 -   Cluster label range required: [0, 3]
2026-04-23 09:11:30,791 -   Invalid positive CWEs found: 0
2026-04-23 09:11:30,791 -   Missing cluster mappings: 0
2026-04-23 09:11:30,791 -   Invalid cluster labels found: 0
2026-04-23 09:11:30,791 -     All CWE indices are valid (including 0 special negative CWE values)!
2026-04-23 09:11:30,791 - 
2026-04-23 09:11:30,796 - Class distribution - Vulnerable: 5082, Safe: 5090
2026-04-23 09:11:30,796 - Positive class weight: 1.00
2026-04-23 09:11:30,942 - 
============================================================
2026-04-23 09:11:30,942 - Using on-the-fly encoding (fine-tuning enabled)
2026-04-23 09:11:30,942 - ============================================================
2026-04-23 09:11:30,954 - 
Weighted Sampling (like baseline):
2026-04-23 09:11:30,954 -   Train class counts (safe/vuln): 5090/5082
2026-04-23 09:11:30,955 -   Class weights for sampling: [0.00019646 0.00019677]
2026-04-23 09:11:33,799 - CodeBERT encoder loaded: microsoft/codebert-base (freeze=False)
2026-04-23 09:11:33,959 - 
Model parameters: 125,589,768 (trainable: 125,589,768)
2026-04-23 09:11:33,960 - Learning rate: 2e-5 (same as baseline)
2026-04-23 09:11:33,960 - Batch size: 16
2026-04-23 09:11:33,960 - Epochs: 25
2026-04-23 09:11:33,960 - Patience: 8
2026-04-23 09:11:33,960 - Best state criterion: Validation F1
2026-04-23 09:11:33,960 - 
============================================================
2026-04-23 09:11:33,960 - BẮT ĐẦU HUẤN LUYỆN KIẾN TRÚC MoE (OPTIMIZED)
2026-04-23 09:11:33,960 - ============================================================
2026-04-23 09:12:12,471 - Epoch 1/25 - batch 50/636 | loss=0.7832 | acc=0.6275
2026-04-23 09:12:50,992 - Epoch 1/25 - batch 100/636 | loss=0.7402 | acc=0.6625
2026-04-23 09:13:29,279 - Epoch 1/25 - batch 150/636 | loss=0.7067 | acc=0.6817
2026-04-23 09:14:08,130 - Epoch 1/25 - batch 200/636 | loss=0.6939 | acc=0.6884
2026-04-23 09:14:47,128 - Epoch 1/25 - batch 250/636 | loss=0.6913 | acc=0.6905
2026-04-23 09:15:26,066 - Epoch 1/25 - batch 300/636 | loss=0.6758 | acc=0.6942
2026-04-23 09:16:05,238 - Epoch 1/25 - batch 350/636 | loss=0.6720 | acc=0.6982
2026-04-23 09:16:44,478 - Epoch 1/25 - batch 400/636 | loss=0.6630 | acc=0.7030
2026-04-23 09:17:24,400 - Epoch 1/25 - batch 450/636 | loss=0.6535 | acc=0.7086
2026-04-23 09:18:03,878 - Epoch 1/25 - batch 500/636 | loss=0.6472 | acc=0.7157
2026-04-23 09:18:43,344 - Epoch 1/25 - batch 550/636 | loss=0.6374 | acc=0.7228
2026-04-23 09:19:22,453 - Epoch 1/25 - batch 600/636 | loss=0.6268 | acc=0.7262
2026-04-23 09:20:33,644 - Epoch   1/25 | LR: 0.000020 | Train Loss: 0.6188 Acc: 0.7295 | Val Loss: 0.6187 Acc: 0.7461 F1: 0.7435
2026-04-23 09:20:34,983 -   ✓ New best F1: 0.7435 (Val F1: 0.7435, Val Acc: 0.7461, Precision: 0.7522, Recall: 0.7457)
2026-04-23 09:21:13,823 - Epoch 2/25 - batch 50/636 | loss=0.4731 | acc=0.7762
2026-04-23 09:21:53,630 - Epoch 2/25 - batch 100/636 | loss=0.4988 | acc=0.7594
2026-04-23 09:22:33,281 - Epoch 2/25 - batch 150/636 | loss=0.4941 | acc=0.7675
2026-04-23 09:23:12,446 - Epoch 2/25 - batch 200/636 | loss=0.4899 | acc=0.7753
2026-04-23 09:23:51,898 - Epoch 2/25 - batch 250/636 | loss=0.4847 | acc=0.7720
2026-04-23 09:24:31,062 - Epoch 2/25 - batch 300/636 | loss=0.4799 | acc=0.7729
2026-04-23 09:25:11,612 - Epoch 2/25 - batch 350/636 | loss=0.4802 | acc=0.7755
2026-04-23 09:25:50,285 - Epoch 2/25 - batch 400/636 | loss=0.4691 | acc=0.7791
2026-04-23 09:26:29,326 - Epoch 2/25 - batch 450/636 | loss=0.4605 | acc=0.7812
2026-04-23 09:27:08,699 - Epoch 2/25 - batch 500/636 | loss=0.4551 | acc=0.7827
2026-04-23 09:27:47,967 - Epoch 2/25 - batch 550/636 | loss=0.4506 | acc=0.7840
2026-04-23 09:28:27,009 - Epoch 2/25 - batch 600/636 | loss=0.4436 | acc=0.7849
2026-04-23 09:29:38,145 - Epoch   2/25 | LR: 0.000020 | Train Loss: 0.4395 Acc: 0.7870 | Val Loss: 0.4619 Acc: 0.7523 F1: 0.7426
2026-04-23 09:30:17,895 - Epoch 3/25 - batch 50/636 | loss=0.4023 | acc=0.8063
2026-04-23 09:30:57,346 - Epoch 3/25 - batch 100/636 | loss=0.3864 | acc=0.8163
2026-04-23 09:31:36,981 - Epoch 3/25 - batch 150/636 | loss=0.3903 | acc=0.8192
2026-04-23 09:32:16,452 - Epoch 3/25 - batch 200/636 | loss=0.3798 | acc=0.8187
2026-04-23 09:32:55,122 - Epoch 3/25 - batch 250/636 | loss=0.3698 | acc=0.8225
2026-04-23 09:33:34,766 - Epoch 3/25 - batch 300/636 | loss=0.3675 | acc=0.8233
2026-04-23 09:34:14,386 - Epoch 3/25 - batch 350/636 | loss=0.3553 | acc=0.8266
2026-04-23 09:34:53,728 - Epoch 3/25 - batch 400/636 | loss=0.3506 | acc=0.8308
2026-04-23 09:35:32,545 - Epoch 3/25 - batch 450/636 | loss=0.3435 | acc=0.8324
2026-04-23 09:36:11,784 - Epoch 3/25 - batch 500/636 | loss=0.3384 | acc=0.8350
2026-04-23 09:36:50,982 - Epoch 3/25 - batch 550/636 | loss=0.3332 | acc=0.8349
2026-04-23 09:37:30,035 - Epoch 3/25 - batch 600/636 | loss=0.3297 | acc=0.8363
2026-04-23 09:38:40,615 - Epoch   3/25 | LR: 0.000019 | Train Loss: 0.3266 Acc: 0.8381 | Val Loss: 0.3478 Acc: 0.7724 F1: 0.7669
2026-04-23 09:38:41,907 -   ✓ New best F1: 0.7669 (Val F1: 0.7669, Val Acc: 0.7724, Precision: 0.7736, Recall: 0.7677)
2026-04-23 09:39:20,939 - Epoch 4/25 - batch 50/636 | loss=0.2901 | acc=0.8738
2026-04-23 09:40:00,488 - Epoch 4/25 - batch 100/636 | loss=0.2850 | acc=0.8769
2026-04-23 09:40:39,669 - Epoch 4/25 - batch 150/636 | loss=0.2743 | acc=0.8767
2026-04-23 09:41:18,972 - Epoch 4/25 - batch 200/636 | loss=0.2733 | acc=0.8716
2026-04-23 09:41:58,922 - Epoch 4/25 - batch 250/636 | loss=0.2735 | acc=0.8680
2026-04-23 09:42:37,520 - Epoch 4/25 - batch 300/636 | loss=0.2675 | acc=0.8690
2026-04-23 09:43:17,184 - Epoch 4/25 - batch 350/636 | loss=0.2668 | acc=0.8716
2026-04-23 09:43:56,344 - Epoch 4/25 - batch 400/636 | loss=0.2641 | acc=0.8702
2026-04-23 09:44:35,208 - Epoch 4/25 - batch 450/636 | loss=0.2603 | acc=0.8710
2026-04-23 09:45:14,500 - Epoch 4/25 - batch 500/636 | loss=0.2580 | acc=0.8741
2026-04-23 09:45:54,135 - Epoch 4/25 - batch 550/636 | loss=0.2558 | acc=0.8752
2026-04-23 09:46:33,595 - Epoch 4/25 - batch 600/636 | loss=0.2530 | acc=0.8761
2026-04-23 09:47:44,763 - Epoch   4/25 | LR: 0.000019 | Train Loss: 0.2511 Acc: 0.8763 | Val Loss: 0.2812 Acc: 0.7855 F1: 0.7788
2026-04-23 09:47:45,949 -   ✓ New best F1: 0.7788 (Val F1: 0.7788, Val Acc: 0.7855, Precision: 0.7809, Recall: 0.7789)
2026-04-23 09:48:25,933 - Epoch 5/25 - batch 50/636 | loss=0.2306 | acc=0.8875
2026-04-23 09:49:05,587 - Epoch 5/25 - batch 100/636 | loss=0.2307 | acc=0.9000
2026-04-23 09:49:44,485 - Epoch 5/25 - batch 150/636 | loss=0.2222 | acc=0.9033
2026-04-23 09:50:23,918 - Epoch 5/25 - batch 200/636 | loss=0.2170 | acc=0.9047
2026-04-23 09:51:03,043 - Epoch 5/25 - batch 250/636 | loss=0.2190 | acc=0.9015
2026-04-23 09:51:41,901 - Epoch 5/25 - batch 300/636 | loss=0.2154 | acc=0.9035
2026-04-23 09:52:22,181 - Epoch 5/25 - batch 350/636 | loss=0.2144 | acc=0.9046
2026-04-23 09:53:01,167 - Epoch 5/25 - batch 400/636 | loss=0.2073 | acc=0.9080
2026-04-23 09:53:40,566 - Epoch 5/25 - batch 450/636 | loss=0.2067 | acc=0.9081
2026-04-23 09:54:20,008 - Epoch 5/25 - batch 500/636 | loss=0.2048 | acc=0.9089
2026-04-23 09:54:59,137 - Epoch 5/25 - batch 550/636 | loss=0.2034 | acc=0.9093
2026-04-23 09:55:38,023 - Epoch 5/25 - batch 600/636 | loss=0.1995 | acc=0.9113
2026-04-23 09:56:48,972 - Epoch   5/25 | LR: 0.000018 | Train Loss: 0.1973 Acc: 0.9120 | Val Loss: 0.2969 Acc: 0.7840 F1: 0.7754
2026-04-23 09:57:28,395 - Epoch 6/25 - batch 50/636 | loss=0.1825 | acc=0.9163
2026-04-23 09:58:07,946 - Epoch 6/25 - batch 100/636 | loss=0.1631 | acc=0.9319
2026-04-23 09:58:47,303 - Epoch 6/25 - batch 150/636 | loss=0.1652 | acc=0.9279
2026-04-23 09:59:26,519 - Epoch 6/25 - batch 200/636 | loss=0.1670 | acc=0.9287
2026-04-23 10:00:05,400 - Epoch 6/25 - batch 250/636 | loss=0.1616 | acc=0.9320
2026-04-23 10:00:45,709 - Epoch 6/25 - batch 300/636 | loss=0.1671 | acc=0.9317
2026-04-23 10:01:24,956 - Epoch 6/25 - batch 350/636 | loss=0.1648 | acc=0.9330
2026-04-23 10:02:03,834 - Epoch 6/25 - batch 400/636 | loss=0.1658 | acc=0.9334
2026-04-23 10:02:42,626 - Epoch 6/25 - batch 450/636 | loss=0.1614 | acc=0.9349
2026-04-23 10:03:21,680 - Epoch 6/25 - batch 500/636 | loss=0.1615 | acc=0.9359
2026-04-23 10:04:01,400 - Epoch 6/25 - batch 550/636 | loss=0.1614 | acc=0.9363
2026-04-23 10:04:41,894 - Epoch 6/25 - batch 600/636 | loss=0.1600 | acc=0.9367
2026-04-23 10:05:52,975 - Epoch   6/25 | LR: 0.000017 | Train Loss: 0.1584 Acc: 0.9375 | Val Loss: 0.3642 Acc: 0.7708 F1: 0.7731
2026-04-23 10:06:32,653 - Epoch 7/25 - batch 50/636 | loss=0.1458 | acc=0.9325
2026-04-23 10:07:12,431 - Epoch 7/25 - batch 100/636 | loss=0.1433 | acc=0.9425
2026-04-23 10:07:51,830 - Epoch 7/25 - batch 150/636 | loss=0.1384 | acc=0.9475
2026-04-23 10:08:30,763 - Epoch 7/25 - batch 200/636 | loss=0.1376 | acc=0.9475
2026-04-23 10:09:10,446 - Epoch 7/25 - batch 250/636 | loss=0.1402 | acc=0.9455
2026-04-23 10:09:49,173 - Epoch 7/25 - batch 300/636 | loss=0.1383 | acc=0.9442
2026-04-23 10:10:28,918 - Epoch 7/25 - batch 350/636 | loss=0.1399 | acc=0.9454
2026-04-23 10:11:07,727 - Epoch 7/25 - batch 400/636 | loss=0.1381 | acc=0.9456
2026-04-23 10:11:47,407 - Epoch 7/25 - batch 450/636 | loss=0.1378 | acc=0.9461
2026-04-23 10:12:26,987 - Epoch 7/25 - batch 500/636 | loss=0.1358 | acc=0.9481
2026-04-23 10:13:06,307 - Epoch 7/25 - batch 550/636 | loss=0.1354 | acc=0.9485
2026-04-23 10:13:45,398 - Epoch 7/25 - batch 600/636 | loss=0.1349 | acc=0.9491
2026-04-23 10:14:56,283 - Epoch   7/25 | LR: 0.000017 | Train Loss: 0.1353 Acc: 0.9484 | Val Loss: 0.3053 Acc: 0.7762 F1: 0.7793
2026-04-23 10:14:57,387 -   ✓ New best F1: 0.7793 (Val F1: 0.7793, Val Acc: 0.7762, Precision: 0.7825, Recall: 0.7796)
2026-04-23 10:15:36,820 - Epoch 8/25 - batch 50/636 | loss=0.1254 | acc=0.9650
2026-04-23 10:16:16,126 - Epoch 8/25 - batch 100/636 | loss=0.1271 | acc=0.9575
2026-04-23 10:16:55,888 - Epoch 8/25 - batch 150/636 | loss=0.1240 | acc=0.9621
2026-04-23 10:17:35,082 - Epoch 8/25 - batch 200/636 | loss=0.1207 | acc=0.9644
2026-04-23 10:18:14,133 - Epoch 8/25 - batch 250/636 | loss=0.1190 | acc=0.9653
2026-04-23 10:18:53,526 - Epoch 8/25 - batch 300/636 | loss=0.1193 | acc=0.9658
2026-04-23 10:19:33,341 - Epoch 8/25 - batch 350/636 | loss=0.1196 | acc=0.9659
2026-04-23 10:20:12,572 - Epoch 8/25 - batch 400/636 | loss=0.1199 | acc=0.9652
2026-04-23 10:20:51,324 - Epoch 8/25 - batch 450/636 | loss=0.1179 | acc=0.9661
2026-04-23 10:21:30,439 - Epoch 8/25 - batch 500/636 | loss=0.1185 | acc=0.9651
2026-04-23 10:22:09,809 - Epoch 8/25 - batch 550/636 | loss=0.1182 | acc=0.9650
2026-04-23 10:22:49,127 - Epoch 8/25 - batch 600/636 | loss=0.1183 | acc=0.9649
2026-04-23 10:24:00,274 - Epoch   8/25 | LR: 0.000016 | Train Loss: 0.1171 Acc: 0.9656 | Val Loss: 0.4091 Acc: 0.7708 F1: 0.7669
2026-04-23 10:24:39,276 - Epoch 9/25 - batch 50/636 | loss=0.1143 | acc=0.9663
2026-04-23 10:25:18,027 - Epoch 9/25 - batch 100/636 | loss=0.1103 | acc=0.9700
2026-04-23 10:25:57,186 - Epoch 9/25 - batch 150/636 | loss=0.1104 | acc=0.9646
2026-04-23 10:26:37,057 - Epoch 9/25 - batch 200/636 | loss=0.1097 | acc=0.9663
2026-04-23 10:27:16,397 - Epoch 9/25 - batch 250/636 | loss=0.1111 | acc=0.9670
2026-04-23 10:27:55,871 - Epoch 9/25 - batch 300/636 | loss=0.1102 | acc=0.9675
2026-04-23 10:28:35,167 - Epoch 9/25 - batch 350/636 | loss=0.1097 | acc=0.9679
2026-04-23 10:29:14,115 - Epoch 9/25 - batch 400/636 | loss=0.1088 | acc=0.9689
2026-04-23 10:29:53,325 - Epoch 9/25 - batch 450/636 | loss=0.1070 | acc=0.9686
2026-04-23 10:30:32,308 - Epoch 9/25 - batch 500/636 | loss=0.1062 | acc=0.9688
2026-04-23 10:31:11,652 - Epoch 9/25 - batch 550/636 | loss=0.1067 | acc=0.9682
2026-04-23 10:31:50,658 - Epoch 9/25 - batch 600/636 | loss=0.1063 | acc=0.9683
2026-04-23 10:33:01,741 - Epoch   9/25 | LR: 0.000015 | Train Loss: 0.1066 Acc: 0.9688 | Val Loss: 0.3802 Acc: 0.7785 F1: 0.7792
2026-04-23 10:33:40,877 - Epoch 10/25 - batch 50/636 | loss=0.0941 | acc=0.9850
2026-04-23 10:34:20,064 - Epoch 10/25 - batch 100/636 | loss=0.0954 | acc=0.9812
2026-04-23 10:35:00,156 - Epoch 10/25 - batch 150/636 | loss=0.0954 | acc=0.9817
2026-04-23 10:35:39,897 - Epoch 10/25 - batch 200/636 | loss=0.0956 | acc=0.9806
2026-04-23 10:36:19,399 - Epoch 10/25 - batch 250/636 | loss=0.0959 | acc=0.9795
2026-04-23 10:36:58,019 - Epoch 10/25 - batch 300/636 | loss=0.0953 | acc=0.9785
2026-04-23 10:37:37,257 - Epoch 10/25 - batch 350/636 | loss=0.0959 | acc=0.9780
2026-04-23 10:38:17,165 - Epoch 10/25 - batch 400/636 | loss=0.0973 | acc=0.9772
2026-04-23 10:38:56,414 - Epoch 10/25 - batch 450/636 | loss=0.0967 | acc=0.9776
2026-04-23 10:39:35,213 - Epoch 10/25 - batch 500/636 | loss=0.0974 | acc=0.9771
2026-04-23 10:40:14,804 - Epoch 10/25 - batch 550/636 | loss=0.0972 | acc=0.9768
2026-04-23 10:40:54,226 - Epoch 10/25 - batch 600/636 | loss=0.0975 | acc=0.9769
2026-04-23 10:42:05,242 - Epoch  10/25 | LR: 0.000013 | Train Loss: 0.0971 Acc: 0.9771 | Val Loss: 0.4174 Acc: 0.7809 F1: 0.7805
2026-04-23 10:42:06,347 -   ✓ New best F1: 0.7805 (Val F1: 0.7805, Val Acc: 0.7809, Precision: 0.7830, Recall: 0.7812)
2026-04-23 10:42:46,344 - Epoch 11/25 - batch 50/636 | loss=0.0925 | acc=0.9775
2026-04-23 10:43:25,648 - Epoch 11/25 - batch 100/636 | loss=0.0900 | acc=0.9775
2026-04-23 10:44:04,402 - Epoch 11/25 - batch 150/636 | loss=0.0884 | acc=0.9800
2026-04-23 10:44:42,984 - Epoch 11/25 - batch 200/636 | loss=0.0871 | acc=0.9794
2026-04-23 10:45:23,478 - Epoch 11/25 - batch 250/636 | loss=0.0905 | acc=0.9792
2026-04-23 10:46:02,790 - Epoch 11/25 - batch 300/636 | loss=0.0895 | acc=0.9798
2026-04-23 10:46:41,709 - Epoch 11/25 - batch 350/636 | loss=0.0893 | acc=0.9795
2026-04-23 10:47:21,276 - Epoch 11/25 - batch 400/636 | loss=0.0899 | acc=0.9798
2026-04-23 10:48:00,343 - Epoch 11/25 - batch 450/636 | loss=0.0903 | acc=0.9801
2026-04-23 10:48:40,510 - Epoch 11/25 - batch 500/636 | loss=0.0904 | acc=0.9800
2026-04-23 10:49:19,978 - Epoch 11/25 - batch 550/636 | loss=0.0906 | acc=0.9803
2026-04-23 10:49:59,783 - Epoch 11/25 - batch 600/636 | loss=0.0909 | acc=0.9808
2026-04-23 10:51:10,791 - Epoch  11/25 | LR: 0.000012 | Train Loss: 0.0914 Acc: 0.9809 | Val Loss: 0.5023 Acc: 0.7708 F1: 0.7730
2026-04-23 10:51:50,431 - Epoch 12/25 - batch 50/636 | loss=0.0894 | acc=0.9862
2026-04-23 10:52:29,375 - Epoch 12/25 - batch 100/636 | loss=0.0824 | acc=0.9875
2026-04-23 10:53:09,339 - Epoch 12/25 - batch 150/636 | loss=0.0859 | acc=0.9862
2026-04-23 10:53:48,643 - Epoch 12/25 - batch 200/636 | loss=0.0929 | acc=0.9809
2026-04-23 10:54:27,741 - Epoch 12/25 - batch 250/636 | loss=0.0903 | acc=0.9820
2026-04-23 10:55:07,929 - Epoch 12/25 - batch 300/636 | loss=0.0902 | acc=0.9823
2026-04-23 10:55:47,204 - Epoch 12/25 - batch 350/636 | loss=0.0900 | acc=0.9821
2026-04-23 10:56:26,678 - Epoch 12/25 - batch 400/636 | loss=0.0902 | acc=0.9812
2026-04-23 10:57:05,173 - Epoch 12/25 - batch 450/636 | loss=0.0893 | acc=0.9810
2026-04-23 10:57:45,444 - Epoch 12/25 - batch 500/636 | loss=0.0895 | acc=0.9808
2026-04-23 10:58:24,890 - Epoch 12/25 - batch 550/636 | loss=0.0892 | acc=0.9809
2026-04-23 10:59:03,949 - Epoch 12/25 - batch 600/636 | loss=0.0882 | acc=0.9812
2026-04-23 11:00:15,193 - Epoch  12/25 | LR: 0.000011 | Train Loss: 0.0875 Acc: 0.9816 | Val Loss: 0.5111 Acc: 0.7832 F1: 0.7836
2026-04-23 11:00:16,495 -   ✓ New best F1: 0.7836 (Val F1: 0.7836, Val Acc: 0.7832, Precision: 0.7850, Recall: 0.7836)
2026-04-23 11:00:56,169 - Epoch 13/25 - batch 50/636 | loss=0.0839 | acc=0.9850
2026-04-23 11:01:35,528 - Epoch 13/25 - batch 100/636 | loss=0.0848 | acc=0.9850
2026-04-23 11:02:14,758 - Epoch 13/25 - batch 150/636 | loss=0.0825 | acc=0.9858
2026-04-23 11:02:53,801 - Epoch 13/25 - batch 200/636 | loss=0.0807 | acc=0.9866
2026-04-23 11:03:32,657 - Epoch 13/25 - batch 250/636 | loss=0.0779 | acc=0.9885
2026-04-23 11:04:12,074 - Epoch 13/25 - batch 300/636 | loss=0.0788 | acc=0.9875
2026-04-23 11:04:51,256 - Epoch 13/25 - batch 350/636 | loss=0.0799 | acc=0.9866
2026-04-23 11:05:30,193 - Epoch 13/25 - batch 400/636 | loss=0.0789 | acc=0.9875
2026-04-23 11:06:09,113 - Epoch 13/25 - batch 450/636 | loss=0.0802 | acc=0.9867
2026-04-23 11:06:48,795 - Epoch 13/25 - batch 500/636 | loss=0.0801 | acc=0.9861
2026-04-23 11:07:27,788 - Epoch 13/25 - batch 550/636 | loss=0.0795 | acc=0.9859
2026-04-23 11:08:07,782 - Epoch 13/25 - batch 600/636 | loss=0.0799 | acc=0.9858
2026-04-23 11:09:19,497 - Epoch  13/25 | LR: 0.000010 | Train Loss: 0.0797 Acc: 0.9860 | Val Loss: 0.5280 Acc: 0.7731 F1: 0.7729
2026-04-23 11:09:59,206 - Epoch 14/25 - batch 50/636 | loss=0.0831 | acc=0.9862
2026-04-23 11:10:39,352 - Epoch 14/25 - batch 100/636 | loss=0.0881 | acc=0.9869
2026-04-23 11:11:19,202 - Epoch 14/25 - batch 150/636 | loss=0.0882 | acc=0.9867
2026-04-23 11:11:58,453 - Epoch 14/25 - batch 200/636 | loss=0.0862 | acc=0.9866
2026-04-23 11:12:37,898 - Epoch 14/25 - batch 250/636 | loss=0.0851 | acc=0.9855
2026-04-23 11:13:17,283 - Epoch 14/25 - batch 300/636 | loss=0.0857 | acc=0.9850
2026-04-23 11:13:57,332 - Epoch 14/25 - batch 350/636 | loss=0.0854 | acc=0.9854
2026-04-23 11:14:36,734 - Epoch 14/25 - batch 400/636 | loss=0.0842 | acc=0.9861
2026-04-23 11:15:15,853 - Epoch 14/25 - batch 450/636 | loss=0.0831 | acc=0.9867
2026-04-23 11:15:55,131 - Epoch 14/25 - batch 500/636 | loss=0.0836 | acc=0.9860
2026-04-23 11:16:34,898 - Epoch 14/25 - batch 550/636 | loss=0.0830 | acc=0.9866
2026-04-23 11:17:14,583 - Epoch 14/25 - batch 600/636 | loss=0.0822 | acc=0.9869
2026-04-23 11:18:25,849 - Epoch  14/25 | LR: 0.000009 | Train Loss: 0.0818 Acc: 0.9868 | Val Loss: 0.6543 Acc: 0.7785 F1: 0.7784
2026-04-23 11:19:05,085 - Epoch 15/25 - batch 50/636 | loss=0.0772 | acc=0.9900
2026-04-23 11:19:44,140 - Epoch 15/25 - batch 100/636 | loss=0.0773 | acc=0.9906
2026-04-23 11:20:24,267 - Epoch 15/25 - batch 150/636 | loss=0.0768 | acc=0.9892
2026-04-23 11:21:03,780 - Epoch 15/25 - batch 200/636 | loss=0.0774 | acc=0.9888
2026-04-23 11:21:43,307 - Epoch 15/25 - batch 250/636 | loss=0.0773 | acc=0.9885
2026-04-23 11:22:22,447 - Epoch 15/25 - batch 300/636 | loss=0.0774 | acc=0.9881
2026-04-23 11:23:02,175 - Epoch 15/25 - batch 350/636 | loss=0.0767 | acc=0.9880
2026-04-23 11:23:41,269 - Epoch 15/25 - batch 400/636 | loss=0.0772 | acc=0.9880
2026-04-23 11:24:20,727 - Epoch 15/25 - batch 450/636 | loss=0.0766 | acc=0.9885
2026-04-23 11:25:00,562 - Epoch 15/25 - batch 500/636 | loss=0.0773 | acc=0.9882
2026-04-23 11:25:39,980 - Epoch 15/25 - batch 550/636 | loss=0.0767 | acc=0.9889
2026-04-23 11:26:19,668 - Epoch 15/25 - batch 600/636 | loss=0.0764 | acc=0.9893
2026-04-23 11:27:30,594 - Epoch  15/25 | LR: 0.000008 | Train Loss: 0.0772 Acc: 0.9889 | Val Loss: 0.6229 Acc: 0.7870 F1: 0.7894
2026-04-23 11:27:31,758 -   ✓ New best F1: 0.7894 (Val F1: 0.7894, Val Acc: 0.7870, Precision: 0.7894, Recall: 0.7894)
2026-04-23 11:28:11,351 - Epoch 16/25 - batch 50/636 | loss=0.0700 | acc=0.9938
2026-04-23 11:28:50,585 - Epoch 16/25 - batch 100/636 | loss=0.0704 | acc=0.9944
2026-04-23 11:29:31,203 - Epoch 16/25 - batch 150/636 | loss=0.0744 | acc=0.9925
2026-04-23 11:30:10,525 - Epoch 16/25 - batch 200/636 | loss=0.0764 | acc=0.9900
2026-04-23 11:30:50,216 - Epoch 16/25 - batch 250/636 | loss=0.0756 | acc=0.9900
2026-04-23 11:31:30,635 - Epoch 16/25 - batch 300/636 | loss=0.0744 | acc=0.9906
2026-04-23 11:32:09,783 - Epoch 16/25 - batch 350/636 | loss=0.0745 | acc=0.9907
2026-04-23 11:32:49,721 - Epoch 16/25 - batch 400/636 | loss=0.0754 | acc=0.9908
2026-04-23 11:33:28,916 - Epoch 16/25 - batch 450/636 | loss=0.0747 | acc=0.9910
2026-04-23 11:34:08,213 - Epoch 16/25 - batch 500/636 | loss=0.0741 | acc=0.9905
2026-04-23 11:34:48,106 - Epoch 16/25 - batch 550/636 | loss=0.0738 | acc=0.9903
2026-04-23 11:35:27,137 - Epoch 16/25 - batch 600/636 | loss=0.0740 | acc=0.9902
2026-04-23 11:36:38,491 - Epoch  16/25 | LR: 0.000006 | Train Loss: 0.0739 Acc: 0.9903 | Val Loss: 0.6950 Acc: 0.7755 F1: 0.7761
2026-04-23 11:37:18,210 - Epoch 17/25 - batch 50/636 | loss=0.0775 | acc=0.9888
2026-04-23 11:37:57,389 - Epoch 17/25 - batch 100/636 | loss=0.0815 | acc=0.9906
2026-04-23 11:38:37,868 - Epoch 17/25 - batch 150/636 | loss=0.0772 | acc=0.9917
2026-04-23 11:39:17,854 - Epoch 17/25 - batch 200/636 | loss=0.0789 | acc=0.9916
2026-04-23 11:39:56,329 - Epoch 17/25 - batch 250/636 | loss=0.0771 | acc=0.9912
2026-04-23 11:40:35,795 - Epoch 17/25 - batch 300/636 | loss=0.0774 | acc=0.9898
2026-04-23 11:41:14,897 - Epoch 17/25 - batch 350/636 | loss=0.0782 | acc=0.9891
2026-04-23 11:41:54,365 - Epoch 17/25 - batch 400/636 | loss=0.0778 | acc=0.9892
2026-04-23 11:42:33,693 - Epoch 17/25 - batch 450/636 | loss=0.0768 | acc=0.9889
2026-04-23 11:43:14,508 - Epoch 17/25 - batch 500/636 | loss=0.0768 | acc=0.9891
2026-04-23 11:43:53,590 - Epoch 17/25 - batch 550/636 | loss=0.0765 | acc=0.9892
2026-04-23 11:44:32,812 - Epoch 17/25 - batch 600/636 | loss=0.0765 | acc=0.9891
2026-04-23 11:45:44,001 - Epoch  17/25 | LR: 0.000005 | Train Loss: 0.0760 Acc: 0.9894 | Val Loss: 0.6580 Acc: 0.7878 F1: 0.7824
2026-04-23 11:46:23,600 - Epoch 18/25 - batch 50/636 | loss=0.0715 | acc=0.9938
2026-04-23 11:47:03,268 - Epoch 18/25 - batch 100/636 | loss=0.0757 | acc=0.9919
2026-04-23 11:47:42,367 - Epoch 18/25 - batch 150/636 | loss=0.0740 | acc=0.9904
2026-04-23 11:48:21,414 - Epoch 18/25 - batch 200/636 | loss=0.0730 | acc=0.9903
2026-04-23 11:49:00,622 - Epoch 18/25 - batch 250/636 | loss=0.0706 | acc=0.9915
2026-04-23 11:49:40,452 - Epoch 18/25 - batch 300/636 | loss=0.0720 | acc=0.9915
2026-04-23 11:50:19,483 - Epoch 18/25 - batch 350/636 | loss=0.0708 | acc=0.9925
2026-04-23 11:50:58,831 - Epoch 18/25 - batch 400/636 | loss=0.0715 | acc=0.9923
2026-04-23 11:51:38,124 - Epoch 18/25 - batch 450/636 | loss=0.0715 | acc=0.9925
2026-04-23 11:52:17,093 - Epoch 18/25 - batch 500/636 | loss=0.0711 | acc=0.9926
2026-04-23 11:52:57,259 - Epoch 18/25 - batch 550/636 | loss=0.0713 | acc=0.9924
2026-04-23 11:53:36,761 - Epoch 18/25 - batch 600/636 | loss=0.0713 | acc=0.9918
2026-04-23 11:54:48,266 - Epoch  18/25 | LR: 0.000004 | Train Loss: 0.0717 Acc: 0.9917 | Val Loss: 0.6497 Acc: 0.7755 F1: 0.7705
2026-04-23 11:55:27,605 - Epoch 19/25 - batch 50/636 | loss=0.0714 | acc=0.9975
2026-04-23 11:56:06,897 - Epoch 19/25 - batch 100/636 | loss=0.0709 | acc=0.9944
2026-04-23 11:56:46,507 - Epoch 19/25 - batch 150/636 | loss=0.0709 | acc=0.9946
2026-04-23 11:57:25,664 - Epoch 19/25 - batch 200/636 | loss=0.0711 | acc=0.9938
2026-04-23 11:58:04,856 - Epoch 19/25 - batch 250/636 | loss=0.0711 | acc=0.9942
2026-04-23 11:58:43,698 - Epoch 19/25 - batch 300/636 | loss=0.0700 | acc=0.9942
2026-04-23 11:59:23,169 - Epoch 19/25 - batch 350/636 | loss=0.0696 | acc=0.9945
2026-04-23 12:00:02,844 - Epoch 19/25 - batch 400/636 | loss=0.0697 | acc=0.9944
2026-04-23 12:00:41,956 - Epoch 19/25 - batch 450/636 | loss=0.0693 | acc=0.9946
2026-04-23 12:01:21,031 - Epoch 19/25 - batch 500/636 | loss=0.0688 | acc=0.9950
2026-04-23 12:02:00,381 - Epoch 19/25 - batch 550/636 | loss=0.0683 | acc=0.9949
2026-04-23 12:02:40,221 - Epoch 19/25 - batch 600/636 | loss=0.0682 | acc=0.9949
2026-04-23 12:03:51,593 - Epoch  19/25 | LR: 0.000004 | Train Loss: 0.0687 Acc: 0.9949 | Val Loss: 0.8399 Acc: 0.7762 F1: 0.7717
2026-04-23 12:04:31,084 - Epoch 20/25 - batch 50/636 | loss=0.0667 | acc=0.9950
2026-04-23 12:05:09,852 - Epoch 20/25 - batch 100/636 | loss=0.0641 | acc=0.9969
2026-04-23 12:05:48,786 - Epoch 20/25 - batch 150/636 | loss=0.0667 | acc=0.9962
2026-04-23 12:06:28,176 - Epoch 20/25 - batch 200/636 | loss=0.0678 | acc=0.9947
2026-04-23 12:07:07,469 - Epoch 20/25 - batch 250/636 | loss=0.0685 | acc=0.9932
2026-04-23 12:07:46,579 - Epoch 20/25 - batch 300/636 | loss=0.0683 | acc=0.9940
2026-04-23 12:08:25,432 - Epoch 20/25 - batch 350/636 | loss=0.0679 | acc=0.9943
2026-04-23 12:09:05,345 - Epoch 20/25 - batch 400/636 | loss=0.0696 | acc=0.9933
2026-04-23 12:09:44,092 - Epoch 20/25 - batch 450/636 | loss=0.0688 | acc=0.9933
2026-04-23 12:10:23,457 - Epoch 20/25 - batch 500/636 | loss=0.0688 | acc=0.9932
2026-04-23 12:11:02,589 - Epoch 20/25 - batch 550/636 | loss=0.0687 | acc=0.9935
2026-04-23 12:11:42,423 - Epoch 20/25 - batch 600/636 | loss=0.0692 | acc=0.9931
2026-04-23 12:12:54,338 - Epoch  20/25 | LR: 0.000003 | Train Loss: 0.0691 Acc: 0.9931 | Val Loss: 0.8202 Acc: 0.7785 F1: 0.7729
2026-04-23 12:13:33,582 - Epoch 21/25 - batch 50/636 | loss=0.0627 | acc=0.9950
2026-04-23 12:14:13,666 - Epoch 21/25 - batch 100/636 | loss=0.0671 | acc=0.9931
2026-04-23 12:14:53,460 - Epoch 21/25 - batch 150/636 | loss=0.0680 | acc=0.9946
2026-04-23 12:15:32,586 - Epoch 21/25 - batch 200/636 | loss=0.0693 | acc=0.9934
2026-04-23 12:16:11,582 - Epoch 21/25 - batch 250/636 | loss=0.0706 | acc=0.9938
2026-04-23 12:16:51,267 - Epoch 21/25 - batch 300/636 | loss=0.0706 | acc=0.9929
2026-04-23 12:17:30,281 - Epoch 21/25 - batch 350/636 | loss=0.0692 | acc=0.9936
2026-04-23 12:18:09,120 - Epoch 21/25 - batch 400/636 | loss=0.0689 | acc=0.9936
2026-04-23 12:18:48,079 - Epoch 21/25 - batch 450/636 | loss=0.0691 | acc=0.9932
2026-04-23 12:19:27,583 - Epoch 21/25 - batch 500/636 | loss=0.0692 | acc=0.9929
2026-04-23 12:20:06,696 - Epoch 21/25 - batch 550/636 | loss=0.0690 | acc=0.9930
2026-04-23 12:20:46,046 - Epoch 21/25 - batch 600/636 | loss=0.0684 | acc=0.9932
2026-04-23 12:21:56,853 - Epoch  21/25 | LR: 0.000002 | Train Loss: 0.0681 Acc: 0.9933 | Val Loss: 0.8705 Acc: 0.7670 F1: 0.7702
2026-04-23 12:22:35,708 - Epoch 22/25 - batch 50/636 | loss=0.0680 | acc=0.9962
2026-04-23 12:23:15,104 - Epoch 22/25 - batch 100/636 | loss=0.0717 | acc=0.9925
2026-04-23 12:23:54,930 - Epoch 22/25 - batch 150/636 | loss=0.0726 | acc=0.9921
2026-04-23 12:24:33,728 - Epoch 22/25 - batch 200/636 | loss=0.0701 | acc=0.9928
2026-04-23 12:25:13,133 - Epoch 22/25 - batch 250/636 | loss=0.0694 | acc=0.9930
2026-04-23 12:25:52,574 - Epoch 22/25 - batch 300/636 | loss=0.0700 | acc=0.9927
2026-04-23 12:26:31,898 - Epoch 22/25 - batch 350/636 | loss=0.0702 | acc=0.9929
2026-04-23 12:27:11,480 - Epoch 22/25 - batch 400/636 | loss=0.0698 | acc=0.9931
2026-04-23 12:27:50,965 - Epoch 22/25 - batch 450/636 | loss=0.0692 | acc=0.9932
2026-04-23 12:28:30,423 - Epoch 22/25 - batch 500/636 | loss=0.0692 | acc=0.9934
2026-04-23 12:29:09,118 - Epoch 22/25 - batch 550/636 | loss=0.0693 | acc=0.9930
2026-04-23 12:29:49,330 - Epoch 22/25 - batch 600/636 | loss=0.0692 | acc=0.9932
2026-04-23 12:31:00,850 - Epoch  22/25 | LR: 0.000002 | Train Loss: 0.0690 Acc: 0.9933 | Val Loss: 0.7936 Acc: 0.7863 F1: 0.7816
2026-04-23 12:31:39,864 - Epoch 23/25 - batch 50/636 | loss=0.0698 | acc=0.9938
2026-04-23 12:32:19,001 - Epoch 23/25 - batch 100/636 | loss=0.0687 | acc=0.9938
2026-04-23 12:32:58,422 - Epoch 23/25 - batch 150/636 | loss=0.0699 | acc=0.9908
2026-04-23 12:33:37,735 - Epoch 23/25 - batch 200/636 | loss=0.0696 | acc=0.9922
2026-04-23 12:34:17,194 - Epoch 23/25 - batch 250/636 | loss=0.0706 | acc=0.9912
2026-04-23 12:34:56,662 - Epoch 23/25 - batch 300/636 | loss=0.0704 | acc=0.9910
2026-04-23 12:35:35,850 - Epoch 23/25 - batch 350/636 | loss=0.0700 | acc=0.9912
2026-04-23 12:36:15,096 - Epoch 23/25 - batch 400/636 | loss=0.0710 | acc=0.9916
2026-04-23 12:36:54,936 - Epoch 23/25 - batch 450/636 | loss=0.0709 | acc=0.9917
2026-04-23 12:37:34,255 - Epoch 23/25 - batch 500/636 | loss=0.0705 | acc=0.9916
2026-04-23 12:38:13,436 - Epoch 23/25 - batch 550/636 | loss=0.0703 | acc=0.9918
2026-04-23 12:38:52,852 - Epoch 23/25 - batch 600/636 | loss=0.0695 | acc=0.9923
2026-04-23 12:40:04,045 - Epoch  23/25 | LR: 0.000001 | Train Loss: 0.0694 Acc: 0.9926 | Val Loss: 0.8378 Acc: 0.7832 F1: 0.7777
2026-04-23 12:40:04,045 - 
Early stopping triggered! Best Val F1: 0.7894, F1: 0.7894, Acc: 0.7870, Loss: 0.6229
2026-04-23 12:40:04,103 - 
============================================================
2026-04-23 12:40:04,103 - Finding optimal classification threshold...
2026-04-23 12:40:04,103 - ============================================================
2026-04-23 12:40:43,576 - 
Probability distribution:
2026-04-23 12:40:43,576 -   Min: 0.0000, Max: 0.9979
2026-04-23 12:40:43,576 -   Mean: 0.4973, Std: 0.4601
2026-04-23 12:40:43,616 -   Median: 0.5586
2026-04-23 12:40:43,617 -   Q1: 0.0075, Q3: 0.9865
2026-04-23 12:40:43,617 - 
Searching optimal threshold...
2026-04-23 12:40:43,879 - 
Best threshold search results:
2026-04-23 12:40:43,880 -   Threshold: 0.630
2026-04-23 12:40:43,880 -   F1 Score: 0.7902
2026-04-23 12:40:43,880 -   Precision: 0.7903
2026-04-23 12:40:43,880 -   Recall: 0.7903
2026-04-23 12:40:43,880 -   Accuracy: 0.7902
2026-04-23 12:40:43,880 - ============================================================
2026-04-23 12:40:43,880 - 
============================================================
2026-04-23 12:40:43,880 - ĐÁNH GIÁ TRÊN TẬP KIỂM THỬ (TEST SET)
2026-04-23 12:40:43,881 - ============================================================
2026-04-23 12:51:58,206 - Detailed test debug info saved to results/test_debug_info_20260423_125156.csv
2026-04-23 12:51:58,206 - ✓ CWE cluster mapping saved to results/cwe_cluster_map_20260423_125156.json
2026-04-23 12:51:58,206 -   (Merged 0 CWEs with <= 20 samples into rare cluster)
2026-04-23 12:51:58,502 - ✓ Expert 0 routed prediction file saved to results/prediction_file_expert_0_20260423_125156.jsonl
2026-04-23 12:51:58,550 - ✓ Expert 0 routed result file saved to results/result_file_expert_0_20260423_125156.txt
2026-04-23 12:51:58,553 - ✓ Expert 1 routed prediction file saved to results/prediction_file_expert_1_20260423_125156.jsonl
2026-04-23 12:51:58,572 - ✓ Expert 1 routed result file saved to results/result_file_expert_1_20260423_125156.txt
2026-04-23 12:51:58,575 - ✓ Expert 2 routed prediction file saved to results/prediction_file_expert_2_20260423_125156.jsonl
2026-04-23 12:51:58,595 - ✓ Expert 2 routed result file saved to results/result_file_expert_2_20260423_125156.txt
2026-04-23 12:51:58,595 - ✓ Expert 3 routed prediction file saved to results/prediction_file_expert_3_20260423_125156.jsonl
2026-04-23 12:51:58,595 - ✓ Expert 3 routed result file saved to results/result_file_expert_3_20260423_125156.txt
2026-04-23 12:51:58,595 - Saving combined test predictions to results/test_predictions_20260423_125156.jsonl...
2026-04-23 12:51:58,877 - ✓ Combined test predictions saved to results/test_predictions_20260423_125156.jsonl
2026-04-23 12:51:58,887 - ✓ Report saved to results/test_report_20260423_125156.txt

2026-04-23 12:52:00,170 - ✓ Instruction prediction file saved to results/predictions.csv
2026-04-23 12:52:00,376 - ✓ Combined result file saved to results/test_result.txt
2026-04-23 12:52:00,376 - Sample Test Predictions (first 10):
2026-04-23 12:52:00,376 - Sample   Predicted    Real     Probability  CWE    Lang       Correct  
2026-04-23 12:52:00,377 - -----------------------------------------------------------------------------
2026-04-23 12:52:00,377 - 0        0            0        0.1613       -2     CCPP       ✓        
2026-04-23 12:52:00,377 - 1        1            0        0.9165       287    CCPP       ✗        
2026-04-23 12:52:00,377 - 2        0            0        0.0087       703    CCPP       ✓        
2026-04-23 12:52:00,377 - 3        1            0        0.9812       -2     CCPP       ✗        
2026-04-23 12:52:00,377 - 4        0            1        0.3478       20     CCPP       ✗        
2026-04-23 12:52:00,377 - 5        0            0        0.0029       20     CCPP       ✓        
2026-04-23 12:52:00,377 - 6        0            0        0.0224       787    CCPP       ✓        
2026-04-23 12:52:00,377 - 7        0            0        0.0585       284    CCPP       ✓        
2026-04-23 12:52:00,377 - 8        0            0        0.2069       119    CCPP       ✓        
2026-04-23 12:52:00,377 - 9        0            0        0.0057       310    CCPP       ✓        
2026-04-23 12:52:00,378 - 
================================================================================
2026-04-23 12:52:00,378 - TEST METRICS COMPARISON
2026-04-23 12:52:00,378 - ================================================================================
2026-04-23 12:52:00,378 - 
Metric               Threshold=0.5        Threshold=0.630     Diff           
2026-04-23 12:52:00,378 - --------------------------------------------------------------------------------
2026-04-23 12:52:00,378 - Accuracy             80.85              % 81.98              % +1.13%
2026-04-23 12:52:00,378 - Precision            54.83              % 55.04              % +0.21%
2026-04-23 12:52:00,378 - Recall               78.07              % 77.98              % -0.08%
2026-04-23 12:52:00,378 - F1 Score             53.83              % 54.51              % +0.68%
2026-04-23 12:52:00,378 - --------------------------------------------------------------------------------
2026-04-23 12:52:00,378 - ✓ Optimal threshold IMPROVES F1 by +0.68%
2026-04-23 12:52:00,378 - ================================================================================
2026-04-23 12:52:00,379 - 
================================================================================
2026-04-23 12:52:00,379 - CLUSTER ROUTING DISTRIBUTION BY LANGUAGE (C++ and Python)
2026-04-23 12:52:00,379 - ================================================================================
2026-04-23 12:52:00,396 - 
Cluster 0 Language Routing Distribution (Total: 22453 samples):
2026-04-23 12:52:00,396 - Cluster      Count        Percentage     
2026-04-23 12:52:00,396 - ----------------------------------------
2026-04-23 12:52:00,396 - cpp: 22453        100.00%
2026-04-23 12:52:00,396 - python: 0              0.00%
2026-04-23 12:52:00,396 - ----------------------------------------
2026-04-23 12:52:00,396 - Total        22453        100.00%
2026-04-23 12:52:00,396 - 
Cluster 1 Language Routing Distribution (Total: 153 samples):
2026-04-23 12:52:00,396 - Cluster      Count        Percentage     
2026-04-23 12:52:00,396 - ----------------------------------------
2026-04-23 12:52:00,397 - cpp: 1              0.65%
2026-04-23 12:52:00,397 - python: 152           99.35%
2026-04-23 12:52:00,397 - ----------------------------------------
2026-04-23 12:52:00,397 - Total        153          100.00%
2026-04-23 12:52:00,397 - ================================================================================
2026-04-23 12:52:00,397 - 
============================================================
2026-04-23 12:52:00,397 - ĐÁNH GIÁ THEO TỪNG CWE ID (with optimal threshold)
2026-04-23 12:52:00,397 - ============================================================
2026-04-23 13:03:13,440 - 
CWE ID     Accuracy     Precision    Recall       F1           Samples   
2026-04-23 13:03:13,441 - ----------------------------------------------------------------------
2026-04-23 13:03:13,441 - -2         85.76      % 50.00      % 42.88      % 46.17      % 871       
2026-04-23 13:03:13,441 - -1         84.21      % 50.00      % 42.11      % 45.71      % 2312      
2026-04-23 13:03:13,441 - 16         100.00     % 50.00      % 50.00      % 50.00      % 4         
2026-04-23 13:03:13,441 - 17         91.18      % 62.50      % 95.45      % 67.62      % 34        
2026-04-23 13:03:13,441 - 19         79.17      % 53.68      % 65.22      % 52.38      % 48        
2026-04-23 13:03:13,441 - 20         82.15      % 55.65      % 80.03      % 55.48      % 1473      
2026-04-23 13:03:13,441 - 22         78.12      % 54.11      % 64.80      % 52.98      % 160       
2026-04-23 13:03:13,441 - 59         87.04      % 70.83      % 92.86      % 75.57      % 54        
2026-04-23 13:03:13,441 - 61         61.11      % 50.00      % 30.56      % 37.93      % 18        
2026-04-23 13:03:13,441 - 74         76.47      % 46.43      % 40.62      % 43.33      % 17        
2026-04-23 13:03:13,441 - 77         77.14      % 48.21      % 39.71      % 43.55      % 35        
2026-04-23 13:03:13,441 - 78         76.58      % 68.92      % 75.59      % 70.31      % 111       
2026-04-23 13:03:13,442 - 79         73.76      % 53.17      % 60.10      % 51.08      % 141       
2026-04-23 13:03:13,442 - 88         90.00      % 50.00      % 45.00      % 47.37      % 10        
2026-04-23 13:03:13,442 - 89         90.79      % 87.86      % 89.96      % 88.80      % 152       
2026-04-23 13:03:13,442 - 91         50.00      % 50.00      % 25.00      % 33.33      % 2         
2026-04-23 13:03:13,442 - 93         50.00      % 50.00      % 25.00      % 33.33      % 2         
2026-04-23 13:03:13,442 - 94         83.33      % 55.56      % 91.49      % 55.35      % 96        
2026-04-23 13:03:13,442 - 113        0.00       % 0.00       % 0.00       % 0.00       % 1         
2026-04-23 13:03:13,442 - 116        25.00      % 12.50      % 50.00      % 20.00      % 4         
2026-04-23 13:03:13,442 - 119        79.03      % 55.18      % 79.96      % 53.76      % 1998      
2026-04-23 13:03:13,442 - 120        78.11      % 51.65      % 72.46      % 47.43      % 233       
2026-04-23 13:03:13,442 - 121        50.00      % 50.00      % 25.00      % 33.33      % 2         
2026-04-23 13:03:13,442 - 122        58.06      % 54.20      % 61.90      % 47.32      % 31        
2026-04-23 13:03:13,442 - 125        80.54      % 55.57      % 75.06      % 55.13      % 1778      
2026-04-23 13:03:13,442 - 129        67.86      % 57.22      % 67.33      % 54.92      % 28        
2026-04-23 13:03:13,443 - 131        80.00      % 75.00      % 87.50      % 76.19      % 5         
2026-04-23 13:03:13,443 - 134        84.21      % 48.48      % 43.24      % 45.71      % 38        
2026-04-23 13:03:13,443 - 172        66.67      % 50.00      % 33.33      % 40.00      % 3         
2026-04-23 13:03:13,443 - 189        88.13      % 61.66      % 91.54      % 65.59      % 556       
2026-04-23 13:03:13,443 - 190        74.70      % 52.87      % 69.34      % 49.05      % 747       
2026-04-23 13:03:13,443 - 191        73.08      % 50.00      % 36.54      % 42.22      % 26        
2026-04-23 13:03:13,443 - 193        79.17      % 47.50      % 41.30      % 44.19      % 24        
2026-04-23 13:03:13,443 - 200        81.44      % 55.36      % 81.11      % 54.75      % 905       
2026-04-23 13:03:13,443 - 203        0.00       % 0.00       % 0.00       % 0.00       % 2         
2026-04-23 13:03:13,443 - 212        75.00      % 75.00      % 83.33      % 73.33      % 4         
2026-04-23 13:03:13,443 - 241        80.00      % 50.00      % 40.00      % 44.44      % 5         
2026-04-23 13:03:13,443 - 252        66.67      % 44.44      % 36.36      % 40.00      % 12        
2026-04-23 13:03:13,443 - 254        88.89      % 55.00      % 94.38      % 56.11      % 81        
2026-04-23 13:03:13,443 - 255        33.33      % 50.00      % 16.67      % 25.00      % 3         
2026-04-23 13:03:13,444 - 264        87.59      % 54.42      % 82.34      % 54.91      % 814       
2026-04-23 13:03:13,444 - 269        88.79      % 53.36      % 69.74      % 53.67      % 116       
2026-04-23 13:03:13,444 - 273        66.67      % 66.67      % 80.00      % 62.50      % 6         
2026-04-23 13:03:13,444 - 275        100.00     % 50.00      % 50.00      % 50.00      % 5         
2026-04-23 13:03:13,444 - 276        67.57      % 50.00      % 33.78      % 40.32      % 37        
2026-04-23 13:03:13,444 - 281        83.33      % 50.00      % 41.67      % 45.45      % 6         
2026-04-23 13:03:13,444 - 284        80.34      % 53.63      % 73.68      % 51.85      % 234       
2026-04-23 13:03:13,444 - 285        100.00     % 50.00      % 50.00      % 50.00      % 5         
2026-04-23 13:03:13,444 - 287        62.50      % 54.35      % 80.56      % 45.93      % 56        
2026-04-23 13:03:13,444 - 288        71.43      % 50.00      % 35.71      % 41.67      % 7         
2026-04-23 13:03:13,444 - 290        40.00      % 62.50      % 62.50      % 40.00      % 5         
2026-04-23 13:03:13,444 - 294        57.89      % 50.00      % 28.95      % 36.67      % 19        
2026-04-23 13:03:13,444 - 295        63.33      % 54.17      % 81.03      % 45.99      % 30        
2026-04-23 13:03:13,444 - 307        84.21      % 47.06      % 44.44      % 45.71      % 19        
2026-04-23 13:03:13,444 - 310        73.65      % 54.29      % 76.71      % 50.68      % 148       
2026-04-23 13:03:13,445 - 311        83.33      % 50.00      % 41.67      % 45.45      % 6         
2026-04-23 13:03:13,445 - 320        60.00      % 57.14      % 78.57      % 48.86      % 15        
2026-04-23 13:03:13,445 - 326        100.00     % 50.00      % 50.00      % 50.00      % 3         
2026-04-23 13:03:13,445 - 327        90.70      % 61.22      % 71.34      % 64.17      % 43        
2026-04-23 13:03:13,445 - 345        72.22      % 58.33      % 85.29      % 55.67      % 18        
2026-04-23 13:03:13,445 - 346        83.33      % 41.67      % 50.00      % 45.45      % 6         
2026-04-23 13:03:13,445 - 347        100.00     % 100.00     % 100.00     % 100.00     % 3         
2026-04-23 13:03:13,445 - 349        100.00     % 50.00      % 50.00      % 50.00      % 5         
2026-04-23 13:03:13,445 - 352        100.00     % 50.00      % 50.00      % 50.00      % 4         
2026-04-23 13:03:13,445 - 354        86.67      % 66.67      % 92.86      % 71.15      % 15        
2026-04-23 13:03:13,445 - 361        100.00     % 50.00      % 50.00      % 50.00      % 2         
2026-04-23 13:03:13,445 - 362        90.06      % 57.92      % 77.55      % 60.77      % 493       
2026-04-23 13:03:13,445 - 369        73.64      % 56.77      % 82.22      % 54.24      % 258       
2026-04-23 13:03:13,445 - 388        96.67      % 75.00      % 98.28      % 82.46      % 30        
2026-04-23 13:03:13,445 - 399        85.71      % 58.70      % 80.07      % 60.94      % 560       
2026-04-23 13:03:13,446 - 400        83.97      % 54.09      % 75.52      % 53.57      % 131       
2026-04-23 13:03:13,446 - 401        85.93      % 54.04      % 80.56      % 53.86      % 469       
2026-04-23 13:03:13,446 - 404        60.00      % 60.00      % 77.78      % 52.38      % 10        
2026-04-23 13:03:13,446 - 415        83.01      % 54.26      % 83.17      % 53.34      % 306       
2026-04-23 13:03:13,446 - 416        84.54      % 54.58      % 72.62      % 54.67      % 1248      
2026-04-23 13:03:13,446 - 417        75.00      % 50.00      % 37.50      % 42.86      % 4         
2026-04-23 13:03:13,446 - 434        68.97      % 50.00      % 34.48      % 40.82      % 29        
2026-04-23 13:03:13,446 - 444        50.00      % 50.00      % 25.00      % 33.33      % 12        
2026-04-23 13:03:13,446 - 459        91.18      % 50.00      % 45.59      % 47.69      % 34        
2026-04-23 13:03:13,446 - 476        83.38      % 54.85      % 73.28      % 54.81      % 1294      
2026-04-23 13:03:13,446 - 502        62.50      % 50.00      % 31.25      % 38.46      % 8         
2026-04-23 13:03:13,446 - 522        72.73      % 62.50      % 85.00      % 61.18      % 11        
2026-04-23 13:03:13,446 - 532        100.00     % 100.00     % 100.00     % 100.00     % 19        
2026-04-23 13:03:13,446 - 552        78.57      % 50.00      % 39.29      % 44.00      % 28        
2026-04-23 13:03:13,446 - 601        84.21      % 50.00      % 42.11      % 45.71      % 19        
2026-04-23 13:03:13,447 - 611        77.78      % 50.00      % 38.89      % 43.75      % 18        
2026-04-23 13:03:13,447 - 617        87.83      % 54.35      % 93.84      % 54.72      % 345       
2026-04-23 13:03:13,447 - 639        50.00      % 50.00      % 25.00      % 33.33      % 2         
2026-04-23 13:03:13,447 - 662        100.00     % 50.00      % 50.00      % 50.00      % 2         
2026-04-23 13:03:13,447 - 664        100.00     % 50.00      % 50.00      % 50.00      % 1         
2026-04-23 13:03:13,447 - 665        80.77      % 61.25      % 78.12      % 63.07      % 52        
2026-04-23 13:03:13,447 - 667        87.50      % 43.75      % 50.00      % 46.67      % 8         
2026-04-23 13:03:13,447 - 668        66.67      % 50.00      % 33.33      % 40.00      % 15        
2026-04-23 13:03:13,447 - 672        0.00       % 0.00       % 0.00       % 0.00       % 1         
2026-04-23 13:03:13,447 - 674        48.72      % 49.87      % 49.32      % 36.69      % 39        
2026-04-23 13:03:13,447 - 681        75.00      % 50.00      % 37.50      % 42.86      % 4         
2026-04-23 13:03:13,447 - 682        88.00      % 62.50      % 93.75      % 66.67      % 25        
2026-04-23 13:03:13,447 - 693        50.00      % 50.00      % 25.00      % 33.33      % 4         
2026-04-23 13:03:13,447 - 697        86.67      % 50.00      % 43.33      % 46.43      % 30        
2026-04-23 13:03:13,447 - 703        79.68      % 56.66      % 77.45      % 56.46      % 812       
2026-04-23 13:03:13,447 - 704        78.67      % 52.94      % 89.19      % 49.49      % 75        
2026-04-23 13:03:13,448 - 706        0.00       % 0.00       % 0.00       % 0.00       % 1         
2026-04-23 13:03:13,448 - 707        95.24      % 50.00      % 47.62      % 48.78      % 21        
2026-04-23 13:03:13,448 - 732        100.00     % 50.00      % 50.00      % 50.00      % 31        
2026-04-23 13:03:13,448 - 754        88.14      % 65.00      % 93.75      % 69.74      % 59        
2026-04-23 13:03:13,448 - 755        78.79      % 56.25      % 89.06      % 54.97      % 33        
2026-04-23 13:03:13,448 - 763        60.00      % 50.00      % 30.00      % 37.50      % 15        
2026-04-23 13:03:13,448 - 770        68.42      % 57.14      % 83.33      % 52.50      % 19        
2026-04-23 13:03:13,448 - 772        81.29      % 56.26      % 72.35      % 56.57      % 171       
2026-04-23 13:03:13,448 - 787        80.12      % 53.89      % 78.47      % 51.99      % 1846      
2026-04-23 13:03:13,448 - 798        0.00       % 0.00       % 0.00       % 0.00       % 1         
2026-04-23 13:03:13,448 - 823        0.00       % 0.00       % 0.00       % 0.00       % 1         
2026-04-23 13:03:13,448 - 824        46.67      % 50.00      % 23.33      % 31.82      % 15        
2026-04-23 13:03:13,448 - 834        72.22      % 54.55      % 85.71      % 50.00      % 36        
2026-04-23 13:03:13,448 - 835        79.89      % 53.41      % 77.50      % 51.13      % 189       
2026-04-23 13:03:13,448 - 843        76.00      % 57.14      % 87.50      % 55.36      % 25        
2026-04-23 13:03:13,449 - 862        82.61      % 47.50      % 43.18      % 45.24      % 23        
2026-04-23 13:03:13,449 - 863        90.91      % 50.00      % 45.45      % 47.62      % 22        
2026-04-23 13:03:13,449 - 908        70.00      % 50.00      % 35.00      % 41.18      % 10        
2026-04-23 13:03:13,449 - 909        86.21      % 50.00      % 43.10      % 46.30      % 29        
2026-04-23 13:03:13,449 - 918        75.00      % 50.00      % 37.50      % 42.86      % 4         
2026-04-23 13:03:13,449 - 924        0.00       % 0.00       % 0.00       % 0.00       % 2         
2026-04-23 13:03:13,449 - 1021       75.00      % 37.50      % 50.00      % 42.86      % 4         
2026-04-23 13:03:13,449 - ----------------------------------------------------------------------
2026-04-23 13:03:13,449 - Overall    73.20      % 51.27      % 56.93      % 47.88      % 22606     
2026-04-23 13:03:13,449 - 
============================================================
2026-04-23 13:03:13,449 - TEST RESULTS BY LANGUAGE (with optimal threshold)
2026-04-23 13:03:13,449 - ============================================================
2026-04-23 13:14:27,104 - Language        Accuracy     Precision    Recall       F1           Samples   
2026-04-23 13:14:27,104 - ---------------------------------------------------------------------------
2026-04-23 13:14:27,104 - CCPP            81.99      % 54.51      % 77.77      % 53.64      % 22454     
2026-04-23 13:14:27,104 - Python          80.92      % 81.06      % 80.82      % 80.85      % 152       
2026-04-23 13:14:27,104 - ---------------------------------------------------------------------------
2026-04-23 13:14:27,104 - Overall         81.45      % 67.79      % 79.29      % 67.25      % 22606     
2026-04-23 13:14:27,104 - 
============================================================
2026-04-23 13:14:27,104 - TEST RESULTS BY LANGUAGE + CWE (with optimal threshold)
2026-04-23 13:14:27,104 - ============================================================
2026-04-23 13:25:40,266 - Language | CWE            Accuracy     Precision    Recall       F1           Samples   
2026-04-23 13:25:40,266 - -------------------------------------------------------------------------------------
2026-04-23 13:25:40,266 - CCPP | CWE--1             84.21      % 50.00      % 42.11      % 45.71      % 2312      
2026-04-23 13:25:40,266 - CCPP | CWE--2             85.76      % 50.00      % 42.88      % 46.17      % 871       
2026-04-23 13:25:40,266 - CCPP | CWE-1021           75.00      % 37.50      % 50.00      % 42.86      % 4         
2026-04-23 13:25:40,266 - CCPP | CWE-113            0.00       % 0.00       % 0.00       % 0.00       % 1         
2026-04-23 13:25:40,266 - CCPP | CWE-116            25.00      % 12.50      % 50.00      % 20.00      % 4         
2026-04-23 13:25:40,266 - CCPP | CWE-119            79.03      % 55.18      % 79.96      % 53.76      % 1998      
2026-04-23 13:25:40,267 - CCPP | CWE-120            78.11      % 51.65      % 72.46      % 47.43      % 233       
2026-04-23 13:25:40,267 - CCPP | CWE-121            50.00      % 50.00      % 25.00      % 33.33      % 2         
2026-04-23 13:25:40,267 - CCPP | CWE-122            58.06      % 54.20      % 61.90      % 47.32      % 31        
2026-04-23 13:25:40,267 - CCPP | CWE-125            80.54      % 55.57      % 75.06      % 55.13      % 1778      
2026-04-23 13:25:40,267 - CCPP | CWE-129            67.86      % 57.22      % 67.33      % 54.92      % 28        
2026-04-23 13:25:40,267 - CCPP | CWE-131            80.00      % 75.00      % 87.50      % 76.19      % 5         
2026-04-23 13:25:40,267 - CCPP | CWE-134            84.21      % 48.48      % 43.24      % 45.71      % 38        
2026-04-23 13:25:40,267 - CCPP | CWE-16             100.00     % 50.00      % 50.00      % 50.00      % 4         
2026-04-23 13:25:40,267 - CCPP | CWE-17             91.18      % 62.50      % 95.45      % 67.62      % 34        
2026-04-23 13:25:40,267 - CCPP | CWE-172            66.67      % 50.00      % 33.33      % 40.00      % 3         
2026-04-23 13:25:40,267 - CCPP | CWE-189            88.13      % 61.66      % 91.54      % 65.59      % 556       
2026-04-23 13:25:40,267 - CCPP | CWE-19             79.17      % 53.68      % 65.22      % 52.38      % 48        
2026-04-23 13:25:40,267 - CCPP | CWE-190            74.70      % 52.87      % 69.34      % 49.05      % 747       
2026-04-23 13:25:40,267 - CCPP | CWE-191            73.08      % 50.00      % 36.54      % 42.22      % 26        
2026-04-23 13:25:40,268 - CCPP | CWE-193            79.17      % 47.50      % 41.30      % 44.19      % 24        
2026-04-23 13:25:40,268 - CCPP | CWE-20             82.15      % 55.65      % 80.03      % 55.48      % 1473      
2026-04-23 13:25:40,268 - CCPP | CWE-200            81.44      % 55.36      % 81.11      % 54.75      % 905       
2026-04-23 13:25:40,268 - CCPP | CWE-203            0.00       % 0.00       % 0.00       % 0.00       % 2         
2026-04-23 13:25:40,268 - CCPP | CWE-212            75.00      % 75.00      % 83.33      % 73.33      % 4         
2026-04-23 13:25:40,268 - CCPP | CWE-22             80.27      % 52.91      % 73.61      % 50.51      % 147       
2026-04-23 13:25:40,268 - CCPP | CWE-241            80.00      % 50.00      % 40.00      % 44.44      % 5         
2026-04-23 13:25:40,268 - CCPP | CWE-252            66.67      % 44.44      % 36.36      % 40.00      % 12        
2026-04-23 13:25:40,268 - CCPP | CWE-254            88.89      % 55.00      % 94.38      % 56.11      % 81        
2026-04-23 13:25:40,268 - CCPP | CWE-255            33.33      % 50.00      % 16.67      % 25.00      % 3         
2026-04-23 13:25:40,268 - CCPP | CWE-264            87.59      % 54.42      % 82.34      % 54.91      % 814       
2026-04-23 13:25:40,268 - CCPP | CWE-269            88.79      % 53.36      % 69.74      % 53.67      % 116       
2026-04-23 13:25:40,268 - CCPP | CWE-273            66.67      % 66.67      % 80.00      % 62.50      % 6         
2026-04-23 13:25:40,268 - CCPP | CWE-275            100.00     % 50.00      % 50.00      % 50.00      % 5         
2026-04-23 13:25:40,268 - CCPP | CWE-276            67.57      % 50.00      % 33.78      % 40.32      % 37        
2026-04-23 13:25:40,269 - CCPP | CWE-281            83.33      % 50.00      % 41.67      % 45.45      % 6         
2026-04-23 13:25:40,269 - CCPP | CWE-284            80.34      % 53.63      % 73.68      % 51.85      % 234       
2026-04-23 13:25:40,269 - CCPP | CWE-285            100.00     % 50.00      % 50.00      % 50.00      % 5         
2026-04-23 13:25:40,269 - CCPP | CWE-287            62.50      % 54.35      % 80.56      % 45.93      % 56        
2026-04-23 13:25:40,269 - CCPP | CWE-288            71.43      % 50.00      % 35.71      % 41.67      % 7         
2026-04-23 13:25:40,269 - CCPP | CWE-290            40.00      % 62.50      % 62.50      % 40.00      % 5         
2026-04-23 13:25:40,269 - CCPP | CWE-294            57.89      % 50.00      % 28.95      % 36.67      % 19        
2026-04-23 13:25:40,269 - CCPP | CWE-295            63.33      % 54.17      % 81.03      % 45.99      % 30        
2026-04-23 13:25:40,269 - CCPP | CWE-307            84.21      % 47.06      % 44.44      % 45.71      % 19        
2026-04-23 13:25:40,269 - CCPP | CWE-310            73.65      % 54.29      % 76.71      % 50.68      % 148       
2026-04-23 13:25:40,269 - CCPP | CWE-311            83.33      % 50.00      % 41.67      % 45.45      % 6         
2026-04-23 13:25:40,269 - CCPP | CWE-320            60.00      % 57.14      % 78.57      % 48.86      % 15        
2026-04-23 13:25:40,269 - CCPP | CWE-326            100.00     % 50.00      % 50.00      % 50.00      % 3         
2026-04-23 13:25:40,269 - CCPP | CWE-327            90.70      % 61.22      % 71.34      % 64.17      % 43        
2026-04-23 13:25:40,269 - CCPP | CWE-345            72.22      % 58.33      % 85.29      % 55.67      % 18        
2026-04-23 13:25:40,269 - CCPP | CWE-346            83.33      % 41.67      % 50.00      % 45.45      % 6         
2026-04-23 13:25:40,270 - CCPP | CWE-347            100.00     % 100.00     % 100.00     % 100.00     % 3         
2026-04-23 13:25:40,270 - CCPP | CWE-349            100.00     % 50.00      % 50.00      % 50.00      % 5         
2026-04-23 13:25:40,270 - CCPP | CWE-352            100.00     % 50.00      % 50.00      % 50.00      % 4         
2026-04-23 13:25:40,270 - CCPP | CWE-354            86.67      % 66.67      % 92.86      % 71.15      % 15        
2026-04-23 13:25:40,270 - CCPP | CWE-361            100.00     % 50.00      % 50.00      % 50.00      % 2         
2026-04-23 13:25:40,270 - CCPP | CWE-362            90.06      % 57.92      % 77.55      % 60.77      % 493       
2026-04-23 13:25:40,270 - CCPP | CWE-369            73.64      % 56.77      % 82.22      % 54.24      % 258       
2026-04-23 13:25:40,270 - CCPP | CWE-388            96.67      % 75.00      % 98.28      % 82.46      % 30        
2026-04-23 13:25:40,270 - CCPP | CWE-399            85.71      % 58.70      % 80.07      % 60.94      % 560       
2026-04-23 13:25:40,270 - CCPP | CWE-400            83.97      % 54.09      % 75.52      % 53.57      % 131       
2026-04-23 13:25:40,270 - CCPP | CWE-401            85.93      % 54.04      % 80.56      % 53.86      % 469       
2026-04-23 13:25:40,270 - CCPP | CWE-404            60.00      % 60.00      % 77.78      % 52.38      % 10        
2026-04-23 13:25:40,270 - CCPP | CWE-415            83.01      % 54.26      % 83.17      % 53.34      % 306       
2026-04-23 13:25:40,270 - CCPP | CWE-416            84.54      % 54.58      % 72.62      % 54.67      % 1248      
2026-04-23 13:25:40,270 - CCPP | CWE-417            75.00      % 50.00      % 37.50      % 42.86      % 4         
2026-04-23 13:25:40,271 - CCPP | CWE-434            68.97      % 50.00      % 34.48      % 40.82      % 29        
2026-04-23 13:25:40,271 - CCPP | CWE-444            50.00      % 50.00      % 25.00      % 33.33      % 12        
2026-04-23 13:25:40,271 - CCPP | CWE-459            91.18      % 50.00      % 45.59      % 47.69      % 34        
2026-04-23 13:25:40,271 - CCPP | CWE-476            83.38      % 54.85      % 73.28      % 54.81      % 1294      
2026-04-23 13:25:40,271 - CCPP | CWE-502            62.50      % 50.00      % 31.25      % 38.46      % 8         
2026-04-23 13:25:40,271 - CCPP | CWE-522            72.73      % 62.50      % 85.00      % 61.18      % 11        
2026-04-23 13:25:40,271 - CCPP | CWE-532            100.00     % 100.00     % 100.00     % 100.00     % 19        
2026-04-23 13:25:40,271 - CCPP | CWE-552            78.57      % 50.00      % 39.29      % 44.00      % 28        
2026-04-23 13:25:40,271 - CCPP | CWE-59             87.04      % 70.83      % 92.86      % 75.57      % 54        
2026-04-23 13:25:40,271 - CCPP | CWE-601            84.21      % 50.00      % 42.11      % 45.71      % 19        
2026-04-23 13:25:40,271 - CCPP | CWE-61             61.11      % 50.00      % 30.56      % 37.93      % 18        
2026-04-23 13:25:40,271 - CCPP | CWE-611            77.78      % 50.00      % 38.89      % 43.75      % 18        
2026-04-23 13:25:40,271 - CCPP | CWE-617            87.83      % 54.35      % 93.84      % 54.72      % 345       
2026-04-23 13:25:40,271 - CCPP | CWE-639            50.00      % 50.00      % 25.00      % 33.33      % 2         
2026-04-23 13:25:40,271 - CCPP | CWE-662            100.00     % 50.00      % 50.00      % 50.00      % 2         
2026-04-23 13:25:40,271 - CCPP | CWE-664            100.00     % 50.00      % 50.00      % 50.00      % 1         
2026-04-23 13:25:40,272 - CCPP | CWE-665            80.77      % 61.25      % 78.12      % 63.07      % 52        
2026-04-23 13:25:40,272 - CCPP | CWE-667            87.50      % 43.75      % 50.00      % 46.67      % 8         
2026-04-23 13:25:40,272 - CCPP | CWE-668            66.67      % 50.00      % 33.33      % 40.00      % 15        
2026-04-23 13:25:40,272 - CCPP | CWE-672            0.00       % 0.00       % 0.00       % 0.00       % 1         
2026-04-23 13:25:40,272 - CCPP | CWE-674            48.72      % 49.87      % 49.32      % 36.69      % 39        
2026-04-23 13:25:40,272 - CCPP | CWE-681            75.00      % 50.00      % 37.50      % 42.86      % 4         
2026-04-23 13:25:40,272 - CCPP | CWE-682            88.00      % 62.50      % 93.75      % 66.67      % 25        
2026-04-23 13:25:40,272 - CCPP | CWE-693            50.00      % 50.00      % 25.00      % 33.33      % 4         
2026-04-23 13:25:40,272 - CCPP | CWE-697            86.67      % 50.00      % 43.33      % 46.43      % 30        
2026-04-23 13:25:40,272 - CCPP | CWE-703            79.68      % 56.66      % 77.45      % 56.46      % 812       
2026-04-23 13:25:40,272 - CCPP | CWE-704            78.67      % 52.94      % 89.19      % 49.49      % 75        
2026-04-23 13:25:40,272 - CCPP | CWE-706            0.00       % 0.00       % 0.00       % 0.00       % 1         
2026-04-23 13:25:40,272 - CCPP | CWE-707            95.24      % 50.00      % 47.62      % 48.78      % 21        
2026-04-23 13:25:40,272 - CCPP | CWE-732            100.00     % 50.00      % 50.00      % 50.00      % 31        
2026-04-23 13:25:40,272 - CCPP | CWE-74             76.47      % 46.43      % 40.62      % 43.33      % 17        
2026-04-23 13:25:40,273 - CCPP | CWE-754            88.14      % 65.00      % 93.75      % 69.74      % 59        
2026-04-23 13:25:40,273 - CCPP | CWE-755            78.79      % 56.25      % 89.06      % 54.97      % 33        
2026-04-23 13:25:40,273 - CCPP | CWE-763            60.00      % 50.00      % 30.00      % 37.50      % 15        
2026-04-23 13:25:40,273 - CCPP | CWE-77             77.14      % 48.21      % 39.71      % 43.55      % 35        
2026-04-23 13:25:40,273 - CCPP | CWE-770            68.42      % 57.14      % 83.33      % 52.50      % 19        
2026-04-23 13:25:40,273 - CCPP | CWE-772            81.29      % 56.26      % 72.35      % 56.57      % 171       
2026-04-23 13:25:40,273 - CCPP | CWE-78             78.26      % 53.12      % 88.97      % 49.68      % 69        
2026-04-23 13:25:40,273 - CCPP | CWE-787            80.12      % 53.89      % 78.47      % 51.99      % 1846      
2026-04-23 13:25:40,273 - CCPP | CWE-79             76.61      % 52.80      % 71.76      % 49.32      % 124       
2026-04-23 13:25:40,273 - CCPP | CWE-798            0.00       % 0.00       % 0.00       % 0.00       % 1         
2026-04-23 13:25:40,273 - CCPP | CWE-823            0.00       % 0.00       % 0.00       % 0.00       % 1         
2026-04-23 13:25:40,273 - CCPP | CWE-824            46.67      % 50.00      % 23.33      % 31.82      % 15        
2026-04-23 13:25:40,273 - CCPP | CWE-834            72.22      % 54.55      % 85.71      % 50.00      % 36        
2026-04-23 13:25:40,273 - CCPP | CWE-835            79.89      % 53.41      % 77.50      % 51.13      % 189       
2026-04-23 13:25:40,273 - CCPP | CWE-843            76.00      % 57.14      % 87.50      % 55.36      % 25        
2026-04-23 13:25:40,274 - CCPP | CWE-862            82.61      % 47.50      % 43.18      % 45.24      % 23        
2026-04-23 13:25:40,274 - CCPP | CWE-863            90.91      % 50.00      % 45.45      % 47.62      % 22        
2026-04-23 13:25:40,274 - CCPP | CWE-88             90.00      % 50.00      % 45.00      % 47.37      % 10        
2026-04-23 13:25:40,274 - CCPP | CWE-89             86.11      % 49.21      % 43.66      % 46.27      % 72        
2026-04-23 13:25:40,274 - CCPP | CWE-908            70.00      % 50.00      % 35.00      % 41.18      % 10        
2026-04-23 13:25:40,274 - CCPP | CWE-909            86.21      % 50.00      % 43.10      % 46.30      % 29        
2026-04-23 13:25:40,274 - CCPP | CWE-91             50.00      % 50.00      % 25.00      % 33.33      % 2         
2026-04-23 13:25:40,274 - CCPP | CWE-918            75.00      % 50.00      % 37.50      % 42.86      % 4         
2026-04-23 13:25:40,274 - CCPP | CWE-924            0.00       % 0.00       % 0.00       % 0.00       % 2         
2026-04-23 13:25:40,274 - CCPP | CWE-93             50.00      % 50.00      % 25.00      % 33.33      % 2         
2026-04-23 13:25:40,274 - CCPP | CWE-94             83.33      % 55.56      % 91.49      % 55.35      % 96        
2026-04-23 13:25:40,274 - Python | CWE-22           53.85      % 51.25      % 51.25      % 51.25      % 13        
2026-04-23 13:25:40,274 - Python | CWE-78           73.81      % 73.81      % 73.86      % 73.79      % 42        
2026-04-23 13:25:40,274 - Python | CWE-79           52.94      % 48.48      % 48.48      % 48.48      % 17        
2026-04-23 13:25:40,274 - Python | CWE-89           95.00      % 95.35      % 95.12      % 95.00      % 80        
2026-04-23 13:25:40,274 - -------------------------------------------------------------------------------------
2026-04-23 13:25:40,275 - Overall                   73.08      % 51.34      % 57.16      % 47.96      % 22606     
2026-04-23 13:25:40,276 - ✓ Final report saved to results/final_report_20260423_125156.txt
2026-04-23 13:25:40,277 - 
============================================================
2026-04-23 13:25:40,277 - Quy trình huấn luyện hoàn tất thành công!
2026-04-23 13:25:40,277 - ============================================================
2026-04-23 13:25:40,277 - Log file: logs/training_20260423_091129.log
2026-04-23 13:25:40,277 - Results directory: results
2026-04-23 13:25:40,277 - ============================================================
