2026-04-13 10:02:10,276 - Loaded 10172 samples from /drive1/cuongtm/hienlt/moe/dataset/moe/pr_sv_no_comment/under/primevul_sven_train_nocmt_under.jsonl
2026-04-13 10:02:10,341 - Loaded 1282 samples from /drive1/cuongtm/hienlt/moe/dataset/moe/pr_sv_no_comment/under/primevul_sven_val_nocmt_under.jsonl
2026-04-13 10:02:10,781 - Loaded 22606 samples from /drive1/cuongtm/hienlt/moe/dataset/moe/pr_sv_no_comment/nounder/primevul_sven_test_nocmt_nounder.jsonl
2026-04-13 10:02:10,814 - LANG_CLUSTER=True -> cluster_type is remapped from language index
2026-04-13 10:02:10,814 -   Unique languages: 2
2026-04-13 10:02:10,814 -   Language to index map: {'CCPP': 0, 'Python': 1}
2026-04-13 10:02:10,889 - 
============================================================
2026-04-13 10:02:10,889 - TRAINING DEVICE: cuda
2026-04-13 10:02:10,889 - ============================================================
2026-04-13 10:02:10,959 - GPU: NVIDIA RTX A4000
2026-04-13 10:02:10,959 - CUDA Version: 12.8
2026-04-13 10:02:10,960 - Available Memory: 16.89 GB
2026-04-13 10:02:10,960 - Training samples: 10172, Val: 1282, Test: 22606
2026-04-13 10:02:10,960 - 
Analyzing cluster_type distribution...
2026-04-13 10:02:10,975 - Unique CWE indices found: 2
2026-04-13 10:02:10,976 -   Positive CWE IDs: 2
2026-04-13 10:02:10,976 -   Negative CWE IDs (special values): 0 []
2026-04-13 10:02:10,976 - CWE index range: [0, 1]
2026-04-13 10:02:10,976 - Number of CWE classes (for positive, max+1): 2
2026-04-13 10:02:10,995 - 
Auto CWE clustering enabled
2026-04-13 10:02:10,996 -   Total unique CWE classes: 2
2026-04-13 10:02:10,996 -   Positive CWE IDs: 2
2026-04-13 10:02:10,996 -   Negative CWE IDs (special): 0 []
2026-04-13 10:02:10,996 -   Positive CWEs with > 20 samples: 2
2026-04-13 10:02:10,996 -   Positive CWEs with <= 20 samples (will be merged): 0
2026-04-13 10:02:10,996 -   Router experts/clusters: 4
2026-04-13 10:02:10,996 -   Cluster loads (samples): [33300, 760, 0, 0]
2026-04-13 10:02:10,996 - Setting num_experts (clustered) = 4
2026-04-13 10:02:11,016 - Python CWE set size (cweDpy): 4
2026-04-13 10:02:11,016 - 
Validating cluster_type indices and clusters...
2026-04-13 10:02:11,032 -   CWE range in data: [0, 1]
2026-04-13 10:02:11,032 -   Positive CWE range: [0, 1]
2026-04-13 10:02:11,032 -   Raw CWE range required: [0, 1] (positive only)
2026-04-13 10:02:11,032 -   Negative CWE values (special): []
2026-04-13 10:02:11,032 -   Cluster label range required: [0, 3]
2026-04-13 10:02:11,032 -   Invalid positive CWEs found: 0
2026-04-13 10:02:11,032 -   Missing cluster mappings: 0
2026-04-13 10:02:11,032 -   Invalid cluster labels found: 0
2026-04-13 10:02:11,032 -     All CWE indices are valid (including 0 special negative CWE values)!
2026-04-13 10:02:11,032 - 
2026-04-13 10:02:11,034 - Class distribution - Vulnerable: 5082, Safe: 5090
2026-04-13 10:02:11,034 - Positive class weight: 1.00
2026-04-13 10:02:12,192 - 
============================================================
2026-04-13 10:02:12,192 - Using on-the-fly encoding (fine-tuning enabled)
2026-04-13 10:02:12,192 - ============================================================
2026-04-13 10:02:12,206 - 
Weighted Sampling (like baseline):
2026-04-13 10:02:12,206 -   Train class counts (safe/vuln): 5090/5082
2026-04-13 10:02:12,207 -   Class weights for sampling: [0.00019646 0.00019677]
2026-04-13 10:02:22,542 - CodeBERT encoder loaded: microsoft/codebert-base (freeze=False)
2026-04-13 10:02:22,812 - 
Model parameters: 125,589,768 (trainable: 125,589,768)
2026-04-13 10:02:22,812 - Learning rate: 2e-5 (same as baseline)
2026-04-13 10:02:22,812 - Batch size: 16
2026-04-13 10:02:22,812 - Epochs: 25
2026-04-13 10:02:22,812 - Patience: 8
2026-04-13 10:02:22,812 - Best state criterion: Validation F1
2026-04-13 10:02:22,812 - 
============================================================
2026-04-13 10:02:22,812 - BẮT ĐẦU HUẤN LUYỆN KIẾN TRÚC MoE (OPTIMIZED)
2026-04-13 10:02:22,812 - ============================================================
2026-04-13 10:03:04,241 - Epoch 1/25 - batch 50/636 | loss=0.7851 | acc=0.6212
2026-04-13 10:03:42,404 - Epoch 1/25 - batch 100/636 | loss=0.7428 | acc=0.6488
2026-04-13 10:04:21,733 - Epoch 1/25 - batch 150/636 | loss=0.7175 | acc=0.6763
2026-04-13 10:05:01,540 - Epoch 1/25 - batch 200/636 | loss=0.7220 | acc=0.6803
2026-04-13 10:05:41,265 - Epoch 1/25 - batch 250/636 | loss=0.6940 | acc=0.6790
2026-04-13 10:06:21,743 - Epoch 1/25 - batch 300/636 | loss=0.6859 | acc=0.6867
2026-04-13 10:07:02,102 - Epoch 1/25 - batch 350/636 | loss=0.6726 | acc=0.6945
2026-04-13 10:07:41,926 - Epoch 1/25 - batch 400/636 | loss=0.6629 | acc=0.7069
2026-04-13 10:08:22,556 - Epoch 1/25 - batch 450/636 | loss=0.6644 | acc=0.7119
2026-04-13 10:09:03,447 - Epoch 1/25 - batch 500/636 | loss=0.6523 | acc=0.7164
2026-04-13 10:09:44,533 - Epoch 1/25 - batch 550/636 | loss=0.6480 | acc=0.7180
2026-04-13 10:10:25,277 - Epoch 1/25 - batch 600/636 | loss=0.6360 | acc=0.7232
2026-04-13 10:11:39,199 - Epoch   1/25 | LR: 0.000020 | Train Loss: 0.6302 Acc: 0.7260 | Val Loss: 0.6388 Acc: 0.7454 F1: 0.7255
2026-04-13 10:11:40,446 -   ✓ New best F1: 0.7255 (Val F1: 0.7255, Val Acc: 0.7454, Precision: 0.7774, Recall: 0.6801)
2026-04-13 10:12:21,034 - Epoch 2/25 - batch 50/636 | loss=0.5461 | acc=0.7488
2026-04-13 10:13:00,929 - Epoch 2/25 - batch 100/636 | loss=0.5221 | acc=0.7550
2026-04-13 10:13:41,199 - Epoch 2/25 - batch 150/636 | loss=0.5229 | acc=0.7625
2026-04-13 10:14:21,425 - Epoch 2/25 - batch 200/636 | loss=0.5187 | acc=0.7697
2026-04-13 10:15:01,928 - Epoch 2/25 - batch 250/636 | loss=0.5076 | acc=0.7740
2026-04-13 10:15:42,202 - Epoch 2/25 - batch 300/636 | loss=0.4984 | acc=0.7773
2026-04-13 10:16:22,042 - Epoch 2/25 - batch 350/636 | loss=0.4802 | acc=0.7809
2026-04-13 10:17:02,641 - Epoch 2/25 - batch 400/636 | loss=0.4795 | acc=0.7809
2026-04-13 10:17:42,580 - Epoch 2/25 - batch 450/636 | loss=0.4704 | acc=0.7843
2026-04-13 10:18:22,621 - Epoch 2/25 - batch 500/636 | loss=0.4660 | acc=0.7846
2026-04-13 10:19:02,578 - Epoch 2/25 - batch 550/636 | loss=0.4585 | acc=0.7858
2026-04-13 10:19:42,737 - Epoch 2/25 - batch 600/636 | loss=0.4551 | acc=0.7893
2026-04-13 10:20:56,167 - Epoch   2/25 | LR: 0.000020 | Train Loss: 0.4493 Acc: 0.7912 | Val Loss: 0.4519 Acc: 0.7755 F1: 0.7657
2026-04-13 10:20:57,254 -   ✓ New best F1: 0.7657 (Val F1: 0.7657, Val Acc: 0.7755, Precision: 0.7876, Recall: 0.7450)
2026-04-13 10:21:38,250 - Epoch 3/25 - batch 50/636 | loss=0.3666 | acc=0.8087
2026-04-13 10:22:18,800 - Epoch 3/25 - batch 100/636 | loss=0.3731 | acc=0.8050
2026-04-13 10:23:00,192 - Epoch 3/25 - batch 150/636 | loss=0.3780 | acc=0.8154
2026-04-13 10:23:40,215 - Epoch 3/25 - batch 200/636 | loss=0.3636 | acc=0.8206
2026-04-13 10:24:19,893 - Epoch 3/25 - batch 250/636 | loss=0.3541 | acc=0.8243
2026-04-13 10:25:00,190 - Epoch 3/25 - batch 300/636 | loss=0.3533 | acc=0.8260
2026-04-13 10:25:40,355 - Epoch 3/25 - batch 350/636 | loss=0.3501 | acc=0.8270
2026-04-13 10:26:20,820 - Epoch 3/25 - batch 400/636 | loss=0.3478 | acc=0.8283
2026-04-13 10:27:02,024 - Epoch 3/25 - batch 450/636 | loss=0.3456 | acc=0.8310
2026-04-13 10:27:42,310 - Epoch 3/25 - batch 500/636 | loss=0.3441 | acc=0.8316
2026-04-13 10:28:23,161 - Epoch 3/25 - batch 550/636 | loss=0.3409 | acc=0.8327
2026-04-13 10:29:03,088 - Epoch 3/25 - batch 600/636 | loss=0.3351 | acc=0.8345
2026-04-13 10:30:17,259 - Epoch   3/25 | LR: 0.000019 | Train Loss: 0.3329 Acc: 0.8347 | Val Loss: 0.3508 Acc: 0.7863 F1: 0.7463
2026-04-13 10:30:57,094 - Epoch 4/25 - batch 50/636 | loss=0.2738 | acc=0.8600
2026-04-13 10:31:36,929 - Epoch 4/25 - batch 100/636 | loss=0.2800 | acc=0.8531
2026-04-13 10:32:17,755 - Epoch 4/25 - batch 150/636 | loss=0.2824 | acc=0.8583
2026-04-13 10:32:57,640 - Epoch 4/25 - batch 200/636 | loss=0.2753 | acc=0.8628
2026-04-13 10:33:37,978 - Epoch 4/25 - batch 250/636 | loss=0.2729 | acc=0.8652
2026-04-13 10:34:17,944 - Epoch 4/25 - batch 300/636 | loss=0.2680 | acc=0.8660
2026-04-13 10:34:57,527 - Epoch 4/25 - batch 350/636 | loss=0.2595 | acc=0.8718
2026-04-13 10:35:38,543 - Epoch 4/25 - batch 400/636 | loss=0.2572 | acc=0.8758
2026-04-13 10:36:18,589 - Epoch 4/25 - batch 450/636 | loss=0.2563 | acc=0.8750
2026-04-13 10:36:58,618 - Epoch 4/25 - batch 500/636 | loss=0.2543 | acc=0.8758
2026-04-13 10:37:39,176 - Epoch 4/25 - batch 550/636 | loss=0.2525 | acc=0.8777
2026-04-13 10:38:19,321 - Epoch 4/25 - batch 600/636 | loss=0.2489 | acc=0.8809
2026-04-13 10:39:33,220 - Epoch   4/25 | LR: 0.000019 | Train Loss: 0.2464 Acc: 0.8815 | Val Loss: 0.3174 Acc: 0.7878 F1: 0.7601
2026-04-13 10:40:13,076 - Epoch 5/25 - batch 50/636 | loss=0.2098 | acc=0.8988
2026-04-13 10:40:52,985 - Epoch 5/25 - batch 100/636 | loss=0.2172 | acc=0.9038
2026-04-13 10:41:32,767 - Epoch 5/25 - batch 150/636 | loss=0.2139 | acc=0.9075
2026-04-13 10:42:12,794 - Epoch 5/25 - batch 200/636 | loss=0.2086 | acc=0.9094
2026-04-13 10:42:52,801 - Epoch 5/25 - batch 250/636 | loss=0.2044 | acc=0.9105
2026-04-13 10:43:32,420 - Epoch 5/25 - batch 300/636 | loss=0.1989 | acc=0.9121
2026-04-13 10:44:12,926 - Epoch 5/25 - batch 350/636 | loss=0.1983 | acc=0.9143
2026-04-13 10:44:52,663 - Epoch 5/25 - batch 400/636 | loss=0.1954 | acc=0.9161
2026-04-13 10:45:32,505 - Epoch 5/25 - batch 450/636 | loss=0.1949 | acc=0.9164
2026-04-13 10:46:12,726 - Epoch 5/25 - batch 500/636 | loss=0.1956 | acc=0.9163
2026-04-13 10:46:52,901 - Epoch 5/25 - batch 550/636 | loss=0.1955 | acc=0.9175
2026-04-13 10:47:33,915 - Epoch 5/25 - batch 600/636 | loss=0.1956 | acc=0.9168
2026-04-13 10:48:47,359 - Epoch   5/25 | LR: 0.000018 | Train Loss: 0.1931 Acc: 0.9173 | Val Loss: 0.3022 Acc: 0.7940 F1: 0.7748
2026-04-13 10:48:48,439 -   ✓ New best F1: 0.7748 (Val F1: 0.7748, Val Acc: 0.7940, Precision: 0.7785, Recall: 0.7713)
2026-04-13 10:49:28,685 - Epoch 6/25 - batch 50/636 | loss=0.1758 | acc=0.9263
2026-04-13 10:50:08,433 - Epoch 6/25 - batch 100/636 | loss=0.1684 | acc=0.9356
2026-04-13 10:50:48,728 - Epoch 6/25 - batch 150/636 | loss=0.1748 | acc=0.9354
2026-04-13 10:51:28,505 - Epoch 6/25 - batch 200/636 | loss=0.1722 | acc=0.9359
2026-04-13 10:52:08,283 - Epoch 6/25 - batch 250/636 | loss=0.1700 | acc=0.9347
2026-04-13 10:52:48,288 - Epoch 6/25 - batch 300/636 | loss=0.1666 | acc=0.9360
2026-04-13 10:53:28,852 - Epoch 6/25 - batch 350/636 | loss=0.1664 | acc=0.9363
2026-04-13 10:54:08,821 - Epoch 6/25 - batch 400/636 | loss=0.1656 | acc=0.9366
2026-04-13 10:54:49,247 - Epoch 6/25 - batch 450/636 | loss=0.1650 | acc=0.9364
2026-04-13 10:55:30,909 - Epoch 6/25 - batch 500/636 | loss=0.1649 | acc=0.9366
2026-04-13 10:56:10,938 - Epoch 6/25 - batch 550/636 | loss=0.1632 | acc=0.9382
2026-04-13 10:56:52,076 - Epoch 6/25 - batch 600/636 | loss=0.1627 | acc=0.9387
2026-04-13 10:58:06,123 - Epoch   6/25 | LR: 0.000017 | Train Loss: 0.1623 Acc: 0.9390 | Val Loss: 0.3498 Acc: 0.7855 F1: 0.7701
2026-04-13 10:58:46,781 - Epoch 7/25 - batch 50/636 | loss=0.1776 | acc=0.9350
2026-04-13 10:59:26,855 - Epoch 7/25 - batch 100/636 | loss=0.1614 | acc=0.9406
2026-04-13 11:00:07,785 - Epoch 7/25 - batch 150/636 | loss=0.1531 | acc=0.9446
2026-04-13 11:00:47,557 - Epoch 7/25 - batch 200/636 | loss=0.1443 | acc=0.9491
2026-04-13 11:01:27,740 - Epoch 7/25 - batch 250/636 | loss=0.1435 | acc=0.9500
2026-04-13 11:02:09,183 - Epoch 7/25 - batch 300/636 | loss=0.1429 | acc=0.9504
2026-04-13 11:02:49,693 - Epoch 7/25 - batch 350/636 | loss=0.1445 | acc=0.9495
2026-04-13 11:03:29,852 - Epoch 7/25 - batch 400/636 | loss=0.1437 | acc=0.9480
2026-04-13 11:04:09,882 - Epoch 7/25 - batch 450/636 | loss=0.1416 | acc=0.9496
2026-04-13 11:04:49,456 - Epoch 7/25 - batch 500/636 | loss=0.1389 | acc=0.9509
2026-04-13 11:05:29,298 - Epoch 7/25 - batch 550/636 | loss=0.1381 | acc=0.9516
2026-04-13 11:06:10,224 - Epoch 7/25 - batch 600/636 | loss=0.1383 | acc=0.9514
2026-04-13 11:07:23,888 - Epoch   7/25 | LR: 0.000017 | Train Loss: 0.1366 Acc: 0.9516 | Val Loss: 0.3518 Acc: 0.7809 F1: 0.7455
2026-04-13 11:08:03,651 - Epoch 8/25 - batch 50/636 | loss=0.1197 | acc=0.9600
2026-04-13 11:08:43,374 - Epoch 8/25 - batch 100/636 | loss=0.1217 | acc=0.9556
2026-04-13 11:09:22,917 - Epoch 8/25 - batch 150/636 | loss=0.1199 | acc=0.9558
2026-04-13 11:10:03,266 - Epoch 8/25 - batch 200/636 | loss=0.1211 | acc=0.9572
2026-04-13 11:10:43,513 - Epoch 8/25 - batch 250/636 | loss=0.1202 | acc=0.9580
2026-04-13 11:11:23,728 - Epoch 8/25 - batch 300/636 | loss=0.1202 | acc=0.9581
2026-04-13 11:12:03,744 - Epoch 8/25 - batch 350/636 | loss=0.1201 | acc=0.9579
2026-04-13 11:12:43,355 - Epoch 8/25 - batch 400/636 | loss=0.1168 | acc=0.9600
2026-04-13 11:13:23,397 - Epoch 8/25 - batch 450/636 | loss=0.1162 | acc=0.9599
2026-04-13 11:14:03,852 - Epoch 8/25 - batch 500/636 | loss=0.1156 | acc=0.9599
2026-04-13 11:14:43,919 - Epoch 8/25 - batch 550/636 | loss=0.1144 | acc=0.9605
2026-04-13 11:15:24,330 - Epoch 8/25 - batch 600/636 | loss=0.1144 | acc=0.9610
2026-04-13 11:16:38,678 - Epoch   8/25 | LR: 0.000016 | Train Loss: 0.1147 Acc: 0.9600 | Val Loss: 0.3414 Acc: 0.7755 F1: 0.7849
2026-04-13 11:16:39,771 -   ✓ New best F1: 0.7849 (Val F1: 0.7849, Val Acc: 0.7755, Precision: 0.7521, Recall: 0.8207)
2026-04-13 11:17:20,589 - Epoch 9/25 - batch 50/636 | loss=0.1182 | acc=0.9525
2026-04-13 11:17:59,744 - Epoch 9/25 - batch 100/636 | loss=0.1044 | acc=0.9606
2026-04-13 11:18:40,666 - Epoch 9/25 - batch 150/636 | loss=0.1020 | acc=0.9675
2026-04-13 11:19:20,423 - Epoch 9/25 - batch 200/636 | loss=0.1028 | acc=0.9669
2026-04-13 11:20:00,874 - Epoch 9/25 - batch 250/636 | loss=0.1046 | acc=0.9670
2026-04-13 11:20:41,008 - Epoch 9/25 - batch 300/636 | loss=0.1025 | acc=0.9688
2026-04-13 11:21:20,999 - Epoch 9/25 - batch 350/636 | loss=0.1051 | acc=0.9675
2026-04-13 11:22:01,512 - Epoch 9/25 - batch 400/636 | loss=0.1045 | acc=0.9681
2026-04-13 11:22:41,031 - Epoch 9/25 - batch 450/636 | loss=0.1034 | acc=0.9690
2026-04-13 11:23:21,007 - Epoch 9/25 - batch 500/636 | loss=0.1026 | acc=0.9699
2026-04-13 11:24:01,060 - Epoch 9/25 - batch 550/636 | loss=0.1018 | acc=0.9702
2026-04-13 11:24:41,614 - Epoch 9/25 - batch 600/636 | loss=0.1014 | acc=0.9703
2026-04-13 11:25:55,465 - Epoch   9/25 | LR: 0.000015 | Train Loss: 0.1009 Acc: 0.9705 | Val Loss: 0.4223 Acc: 0.7932 F1: 0.7872
2026-04-13 11:25:59,596 -   ✓ New best F1: 0.7872 (Val F1: 0.7872, Val Acc: 0.7932, Precision: 0.7940, Recall: 0.7805)
2026-04-13 11:26:39,039 - Epoch 10/25 - batch 50/636 | loss=0.0959 | acc=0.9788
2026-04-13 11:27:19,966 - Epoch 10/25 - batch 100/636 | loss=0.0993 | acc=0.9744
2026-04-13 11:28:00,345 - Epoch 10/25 - batch 150/636 | loss=0.0985 | acc=0.9762
2026-04-13 11:28:40,830 - Epoch 10/25 - batch 200/636 | loss=0.0964 | acc=0.9778
2026-04-13 11:29:22,291 - Epoch 10/25 - batch 250/636 | loss=0.0976 | acc=0.9770
2026-04-13 11:30:02,711 - Epoch 10/25 - batch 300/636 | loss=0.0973 | acc=0.9756
2026-04-13 11:30:43,565 - Epoch 10/25 - batch 350/636 | loss=0.0987 | acc=0.9745
2026-04-13 11:31:23,631 - Epoch 10/25 - batch 400/636 | loss=0.0982 | acc=0.9741
2026-04-13 11:32:03,312 - Epoch 10/25 - batch 450/636 | loss=0.0973 | acc=0.9736
2026-04-13 11:32:43,492 - Epoch 10/25 - batch 500/636 | loss=0.0964 | acc=0.9739
2026-04-13 11:33:23,797 - Epoch 10/25 - batch 550/636 | loss=0.0973 | acc=0.9731
2026-04-13 11:34:05,180 - Epoch 10/25 - batch 600/636 | loss=0.0975 | acc=0.9731
2026-04-13 11:35:19,115 - Epoch  10/25 | LR: 0.000013 | Train Loss: 0.0974 Acc: 0.9733 | Val Loss: 0.4662 Acc: 0.7886 F1: 0.7826
2026-04-13 11:35:59,177 - Epoch 11/25 - batch 50/636 | loss=0.0902 | acc=0.9712
2026-04-13 11:36:39,689 - Epoch 11/25 - batch 100/636 | loss=0.0966 | acc=0.9738
2026-04-13 11:37:19,803 - Epoch 11/25 - batch 150/636 | loss=0.0947 | acc=0.9746
2026-04-13 11:37:59,893 - Epoch 11/25 - batch 200/636 | loss=0.0918 | acc=0.9762
2026-04-13 11:38:40,259 - Epoch 11/25 - batch 250/636 | loss=0.0916 | acc=0.9758
2026-04-13 11:39:21,194 - Epoch 11/25 - batch 300/636 | loss=0.0915 | acc=0.9762
2026-04-13 11:40:00,967 - Epoch 11/25 - batch 350/636 | loss=0.0904 | acc=0.9762
2026-04-13 11:40:41,073 - Epoch 11/25 - batch 400/636 | loss=0.0899 | acc=0.9764
2026-04-13 11:41:21,449 - Epoch 11/25 - batch 450/636 | loss=0.0898 | acc=0.9775
2026-04-13 11:42:01,393 - Epoch 11/25 - batch 500/636 | loss=0.0895 | acc=0.9779
2026-04-13 11:42:41,070 - Epoch 11/25 - batch 550/636 | loss=0.0887 | acc=0.9784
2026-04-13 11:43:21,768 - Epoch 11/25 - batch 600/636 | loss=0.0884 | acc=0.9793
2026-04-13 11:44:35,652 - Epoch  11/25 | LR: 0.000012 | Train Loss: 0.0885 Acc: 0.9793 | Val Loss: 0.4825 Acc: 0.7855 F1: 0.7738
2026-04-13 11:45:14,981 - Epoch 12/25 - batch 50/636 | loss=0.0692 | acc=0.9875
2026-04-13 11:45:55,193 - Epoch 12/25 - batch 100/636 | loss=0.0732 | acc=0.9881
2026-04-13 11:46:35,217 - Epoch 12/25 - batch 150/636 | loss=0.0748 | acc=0.9867
2026-04-13 11:47:15,591 - Epoch 12/25 - batch 200/636 | loss=0.0787 | acc=0.9853
2026-04-13 11:47:55,901 - Epoch 12/25 - batch 250/636 | loss=0.0799 | acc=0.9855
2026-04-13 11:48:36,737 - Epoch 12/25 - batch 300/636 | loss=0.0796 | acc=0.9856
2026-04-13 11:49:17,056 - Epoch 12/25 - batch 350/636 | loss=0.0808 | acc=0.9852
2026-04-13 11:49:57,117 - Epoch 12/25 - batch 400/636 | loss=0.0822 | acc=0.9844
2026-04-13 11:50:36,713 - Epoch 12/25 - batch 450/636 | loss=0.0825 | acc=0.9836
2026-04-13 11:51:17,963 - Epoch 12/25 - batch 500/636 | loss=0.0830 | acc=0.9831
2026-04-13 11:51:58,165 - Epoch 12/25 - batch 550/636 | loss=0.0834 | acc=0.9833
2026-04-13 11:52:38,994 - Epoch 12/25 - batch 600/636 | loss=0.0835 | acc=0.9831
2026-04-13 11:53:52,658 - Epoch  12/25 | LR: 0.000011 | Train Loss: 0.0838 Acc: 0.9831 | Val Loss: 0.4615 Acc: 0.7824 F1: 0.7694
2026-04-13 11:54:32,869 - Epoch 13/25 - batch 50/636 | loss=0.0829 | acc=0.9862
2026-04-13 11:55:13,142 - Epoch 13/25 - batch 100/636 | loss=0.0823 | acc=0.9850
2026-04-13 11:55:53,136 - Epoch 13/25 - batch 150/636 | loss=0.0827 | acc=0.9854
2026-04-13 11:56:33,883 - Epoch 13/25 - batch 200/636 | loss=0.0828 | acc=0.9844
2026-04-13 11:57:13,655 - Epoch 13/25 - batch 250/636 | loss=0.0806 | acc=0.9852
2026-04-13 11:57:53,903 - Epoch 13/25 - batch 300/636 | loss=0.0824 | acc=0.9840
2026-04-13 11:58:34,246 - Epoch 13/25 - batch 350/636 | loss=0.0822 | acc=0.9832
2026-04-13 11:59:14,432 - Epoch 13/25 - batch 400/636 | loss=0.0811 | acc=0.9838
2026-04-13 11:59:55,113 - Epoch 13/25 - batch 450/636 | loss=0.0822 | acc=0.9835
2026-04-13 12:00:34,437 - Epoch 13/25 - batch 500/636 | loss=0.0805 | acc=0.9844
2026-04-13 12:01:14,682 - Epoch 13/25 - batch 550/636 | loss=0.0806 | acc=0.9847
2026-04-13 12:01:55,169 - Epoch 13/25 - batch 600/636 | loss=0.0801 | acc=0.9855
2026-04-13 12:03:09,240 - Epoch  13/25 | LR: 0.000010 | Train Loss: 0.0802 Acc: 0.9859 | Val Loss: 0.6404 Acc: 0.7824 F1: 0.7635
2026-04-13 12:03:49,332 - Epoch 14/25 - batch 50/636 | loss=0.0848 | acc=0.9862
2026-04-13 12:04:30,095 - Epoch 14/25 - batch 100/636 | loss=0.0816 | acc=0.9856
2026-04-13 12:05:10,461 - Epoch 14/25 - batch 150/636 | loss=0.0822 | acc=0.9854
2026-04-13 12:05:50,656 - Epoch 14/25 - batch 200/636 | loss=0.0804 | acc=0.9859
2026-04-13 12:06:30,444 - Epoch 14/25 - batch 250/636 | loss=0.0805 | acc=0.9860
2026-04-13 12:07:10,689 - Epoch 14/25 - batch 300/636 | loss=0.0809 | acc=0.9854
2026-04-13 12:07:51,231 - Epoch 14/25 - batch 350/636 | loss=0.0798 | acc=0.9862
2026-04-13 12:08:31,059 - Epoch 14/25 - batch 400/636 | loss=0.0797 | acc=0.9861
2026-04-13 12:09:11,276 - Epoch 14/25 - batch 450/636 | loss=0.0802 | acc=0.9857
2026-04-13 12:09:51,529 - Epoch 14/25 - batch 500/636 | loss=0.0805 | acc=0.9858
2026-04-13 12:10:32,036 - Epoch 14/25 - batch 550/636 | loss=0.0803 | acc=0.9856
2026-04-13 12:11:12,313 - Epoch 14/25 - batch 600/636 | loss=0.0806 | acc=0.9852
2026-04-13 12:12:26,035 - Epoch  14/25 | LR: 0.000009 | Train Loss: 0.0804 Acc: 0.9851 | Val Loss: 0.5882 Acc: 0.7724 F1: 0.7477
2026-04-13 12:13:05,650 - Epoch 15/25 - batch 50/636 | loss=0.0652 | acc=0.9925
2026-04-13 12:13:45,504 - Epoch 15/25 - batch 100/636 | loss=0.0697 | acc=0.9894
2026-04-13 12:14:25,185 - Epoch 15/25 - batch 150/636 | loss=0.0713 | acc=0.9892
2026-04-13 12:15:05,384 - Epoch 15/25 - batch 200/636 | loss=0.0715 | acc=0.9891
2026-04-13 12:15:45,288 - Epoch 15/25 - batch 250/636 | loss=0.0731 | acc=0.9892
2026-04-13 12:16:25,530 - Epoch 15/25 - batch 300/636 | loss=0.0730 | acc=0.9896
2026-04-13 12:17:05,751 - Epoch 15/25 - batch 350/636 | loss=0.0744 | acc=0.9895
2026-04-13 12:17:45,368 - Epoch 15/25 - batch 400/636 | loss=0.0737 | acc=0.9895
2026-04-13 12:18:25,357 - Epoch 15/25 - batch 450/636 | loss=0.0738 | acc=0.9900
2026-04-13 12:19:05,471 - Epoch 15/25 - batch 500/636 | loss=0.0744 | acc=0.9899
2026-04-13 12:19:45,618 - Epoch 15/25 - batch 550/636 | loss=0.0749 | acc=0.9894
2026-04-13 12:20:26,749 - Epoch 15/25 - batch 600/636 | loss=0.0740 | acc=0.9898
2026-04-13 12:21:40,848 - Epoch  15/25 | LR: 0.000008 | Train Loss: 0.0742 Acc: 0.9896 | Val Loss: 0.6042 Acc: 0.7855 F1: 0.7764
2026-04-13 12:22:20,605 - Epoch 16/25 - batch 50/636 | loss=0.0644 | acc=0.9975
2026-04-13 12:23:00,440 - Epoch 16/25 - batch 100/636 | loss=0.0716 | acc=0.9888
2026-04-13 12:23:40,503 - Epoch 16/25 - batch 150/636 | loss=0.0760 | acc=0.9883
2026-04-13 12:24:20,499 - Epoch 16/25 - batch 200/636 | loss=0.0747 | acc=0.9894
2026-04-13 12:25:00,418 - Epoch 16/25 - batch 250/636 | loss=0.0740 | acc=0.9892
2026-04-13 12:25:40,586 - Epoch 16/25 - batch 300/636 | loss=0.0734 | acc=0.9890
2026-04-13 12:26:19,907 - Epoch 16/25 - batch 350/636 | loss=0.0730 | acc=0.9880
2026-04-13 12:26:59,590 - Epoch 16/25 - batch 400/636 | loss=0.0722 | acc=0.9881
2026-04-13 12:27:40,288 - Epoch 16/25 - batch 450/636 | loss=0.0731 | acc=0.9879
2026-04-13 12:28:20,906 - Epoch 16/25 - batch 500/636 | loss=0.0743 | acc=0.9878
2026-04-13 12:29:01,458 - Epoch 16/25 - batch 550/636 | loss=0.0740 | acc=0.9882
2026-04-13 12:29:41,354 - Epoch 16/25 - batch 600/636 | loss=0.0732 | acc=0.9886
2026-04-13 12:30:54,606 - Epoch  16/25 | LR: 0.000006 | Train Loss: 0.0732 Acc: 0.9886 | Val Loss: 0.8194 Acc: 0.7832 F1: 0.7802
2026-04-13 12:31:34,195 - Epoch 17/25 - batch 50/636 | loss=0.0740 | acc=0.9912
2026-04-13 12:32:14,374 - Epoch 17/25 - batch 100/636 | loss=0.0729 | acc=0.9912
2026-04-13 12:32:54,474 - Epoch 17/25 - batch 150/636 | loss=0.0745 | acc=0.9908
2026-04-13 12:33:34,253 - Epoch 17/25 - batch 200/636 | loss=0.0729 | acc=0.9916
2026-04-13 12:34:14,335 - Epoch 17/25 - batch 250/636 | loss=0.0741 | acc=0.9910
2026-04-13 12:34:54,283 - Epoch 17/25 - batch 300/636 | loss=0.0733 | acc=0.9915
2026-04-13 12:35:34,253 - Epoch 17/25 - batch 350/636 | loss=0.0735 | acc=0.9912
2026-04-13 12:36:14,610 - Epoch 17/25 - batch 400/636 | loss=0.0727 | acc=0.9912
2026-04-13 12:36:55,333 - Epoch 17/25 - batch 450/636 | loss=0.0733 | acc=0.9908
2026-04-13 12:37:35,118 - Epoch 17/25 - batch 500/636 | loss=0.0729 | acc=0.9908
2026-04-13 12:38:15,431 - Epoch 17/25 - batch 550/636 | loss=0.0735 | acc=0.9906
2026-04-13 12:38:56,391 - Epoch 17/25 - batch 600/636 | loss=0.0741 | acc=0.9906
2026-04-13 12:40:10,245 - Epoch  17/25 | LR: 0.000005 | Train Loss: 0.0738 Acc: 0.9908 | Val Loss: 0.7054 Acc: 0.7739 F1: 0.7473
2026-04-13 12:40:10,249 - 
Early stopping triggered! Best Val F1: 0.7872, F1: 0.7872, Acc: 0.7932, Loss: 0.4223
2026-04-13 12:40:10,318 - 
============================================================
2026-04-13 12:40:10,318 - Finding optimal classification threshold...
2026-04-13 12:40:10,319 - ============================================================
2026-04-13 12:40:31,807 - 
Probability distribution:
2026-04-13 12:40:31,822 -   Min: 0.0000, Max: 0.9840
2026-04-13 12:40:31,852 -   Mean: 0.4758, Std: 0.4246
2026-04-13 12:40:31,880 -   Median: 0.4745
2026-04-13 12:40:31,900 -   Q1: 0.0186, Q3: 0.9234
2026-04-13 12:40:31,901 - 
Searching optimal threshold...
2026-04-13 12:40:31,934 - 
Best threshold search results:
2026-04-13 12:40:31,934 -   Threshold: 0.090
2026-04-13 12:40:31,934 -   F1 Score: 0.8008
2026-04-13 12:40:31,934 -   Precision: 0.7373
2026-04-13 12:40:31,934 -   Recall: 0.8764
2026-04-13 12:40:31,934 -   Accuracy: 0.7800
2026-04-13 12:40:31,935 - ============================================================
2026-04-13 12:40:31,935 - 
============================================================
2026-04-13 12:40:31,935 - ĐÁNH GIÁ TRÊN TẬP KIỂM THỬ (TEST SET)
2026-04-13 12:40:31,935 - ============================================================
2026-04-13 12:52:16,529 - Detailed test debug info saved to results/test_debug_info_20260413_125214.csv
2026-04-13 12:52:17,575 - ✓ CWE cluster mapping saved to results/cwe_cluster_map_20260413_125214.json
2026-04-13 12:52:17,576 -   (Merged 0 CWEs with <= 20 samples into rare cluster)
2026-04-13 12:52:18,680 - ✓ Expert 0 routed prediction file saved to results/prediction_file_expert_0_20260413_125214.jsonl
2026-04-13 12:52:21,853 - ✓ Expert 0 routed result file saved to results/result_file_expert_0_20260413_125214.txt
2026-04-13 12:52:21,856 - ✓ Expert 1 routed prediction file saved to results/prediction_file_expert_1_20260413_125214.jsonl
2026-04-13 12:52:21,877 - ✓ Expert 1 routed result file saved to results/result_file_expert_1_20260413_125214.txt
2026-04-13 12:52:21,880 - ✓ Expert 2 routed prediction file saved to results/prediction_file_expert_2_20260413_125214.jsonl
2026-04-13 12:52:21,899 - ✓ Expert 2 routed result file saved to results/result_file_expert_2_20260413_125214.txt
2026-04-13 12:52:21,900 - ✓ Expert 3 routed prediction file saved to results/prediction_file_expert_3_20260413_125214.jsonl
2026-04-13 12:52:21,900 - ✓ Expert 3 routed result file saved to results/result_file_expert_3_20260413_125214.txt
2026-04-13 12:52:21,901 - Saving combined test predictions to results/test_predictions_20260413_125214.jsonl...
2026-04-13 12:52:22,180 - ✓ Combined test predictions saved to results/test_predictions_20260413_125214.jsonl
2026-04-13 12:52:22,218 - ✓ Report saved to results/test_report_20260413_125214.txt

2026-04-13 12:52:23,634 - ✓ Instruction prediction file saved to results/predictions.csv
2026-04-13 12:52:23,875 - ✓ Combined result file saved to results/test_result.txt
2026-04-13 12:52:23,875 - Sample Test Predictions (first 10):
2026-04-13 12:52:23,893 - Sample   Predicted    Real     Probability  CWE    Lang       Correct  
2026-04-13 12:52:23,893 - -----------------------------------------------------------------------------
2026-04-13 12:52:23,893 - 0        0            0        0.0170       22     CCPP       ✓        
2026-04-13 12:52:23,894 - 1        0            0        0.0841       -2     CCPP       ✓        
2026-04-13 12:52:23,894 - 2        0            0        0.0121       787    CCPP       ✓        
2026-04-13 12:52:23,894 - 3        1            0        0.9361       787    CCPP       ✗        
2026-04-13 12:52:23,894 - 4        0            0        0.0059       189    CCPP       ✓        
2026-04-13 12:52:23,894 - 5        0            0        0.0625       20     CCPP       ✓        
2026-04-13 12:52:23,894 - 6        0            0        0.0096       704    CCPP       ✓        
2026-04-13 12:52:23,894 - 7        0            0        0.0110       399    CCPP       ✓        
2026-04-13 12:52:23,894 - 8        1            0        0.9321       918    CCPP       ✗        
2026-04-13 12:52:23,894 - 9        1            0        0.9449       399    CCPP       ✗        
2026-04-13 12:52:23,894 - 
================================================================================
2026-04-13 12:52:24,023 - TEST METRICS COMPARISON
2026-04-13 12:52:24,023 - ================================================================================
2026-04-13 12:52:24,024 - 
Metric               Threshold=0.5        Threshold=0.500     Diff           
2026-04-13 12:52:24,024 - --------------------------------------------------------------------------------
2026-04-13 12:52:24,024 - Accuracy             79.35              % 79.35              % +0.00%
2026-04-13 12:52:24,024 - Precision            10.18              % 10.18              % +0.00%
2026-04-13 12:52:24,107 - Recall               78.32              % 78.32              % +0.00%
2026-04-13 12:52:24,107 - F1 Score             18.02              % 18.02              % +0.00%
2026-04-13 12:52:24,108 - --------------------------------------------------------------------------------
2026-04-13 12:52:24,108 - = Optimal threshold has SAME F1 as default
2026-04-13 12:52:24,108 - ================================================================================
2026-04-13 12:52:24,108 - 
================================================================================
2026-04-13 12:52:24,108 - CLUSTER ROUTING DISTRIBUTION BY LANGUAGE (C++ and Python)
2026-04-13 12:52:24,108 - ================================================================================
2026-04-13 12:52:24,131 - 
Cluster 0 Language Routing Distribution (Total: 22454 samples):
2026-04-13 12:52:24,131 - Cluster      Count        Percentage     
2026-04-13 12:52:24,131 - ----------------------------------------
2026-04-13 12:52:24,131 - cpp: 22454        100.00%
2026-04-13 12:52:24,131 - python: 0              0.00%
2026-04-13 12:52:24,131 - ----------------------------------------
2026-04-13 12:52:24,241 - Total        22454        100.00%
2026-04-13 12:52:24,242 - 
Cluster 1 Language Routing Distribution (Total: 152 samples):
2026-04-13 12:52:24,242 - Cluster      Count        Percentage     
2026-04-13 12:52:24,242 - ----------------------------------------
2026-04-13 12:52:24,242 - cpp: 0              0.00%
2026-04-13 12:52:24,242 - python: 152          100.00%
2026-04-13 12:52:24,243 - ----------------------------------------
2026-04-13 12:52:24,243 - Total        152          100.00%
2026-04-13 12:52:24,243 - ================================================================================
2026-04-13 12:52:24,243 - 
============================================================
2026-04-13 12:52:24,243 - ĐÁNH GIÁ THEO TỪNG CWE ID (with optimal threshold)
2026-04-13 12:52:24,243 - ============================================================
2026-04-13 13:03:57,676 - 
CWE ID     Accuracy     Precision    Recall       F1           Samples   
2026-04-13 13:03:57,676 - ----------------------------------------------------------------------
2026-04-13 13:03:57,676 - -2         83.93      % 50.00      % 41.96      % 45.63      % 871       
2026-04-13 13:03:57,676 - -1         81.01      % 50.00      % 40.51      % 44.76      % 2312      
2026-04-13 13:03:57,676 - 16         100.00     % 50.00      % 50.00      % 50.00      % 4         
2026-04-13 13:03:57,677 - 17         88.24      % 60.00      % 93.94      % 63.44      % 34        
2026-04-13 13:03:57,677 - 19         87.50      % 57.14      % 69.57      % 59.09      % 48        
2026-04-13 13:03:57,677 - 20         80.79      % 55.75      % 82.56      % 55.12      % 1473      
2026-04-13 13:03:57,677 - 22         79.38      % 54.49      % 65.46      % 53.84      % 160       
2026-04-13 13:03:57,677 - 59         79.63      % 63.04      % 79.80      % 64.87      % 54        
2026-04-13 13:03:57,677 - 61         61.11      % 50.00      % 30.56      % 37.93      % 18        
2026-04-13 13:03:57,677 - 74         76.47      % 60.00      % 87.50      % 59.52      % 17        
2026-04-13 13:03:57,677 - 77         71.43      % 48.08      % 36.76      % 41.67      % 35        
2026-04-13 13:03:57,677 - 78         72.07      % 60.93      % 63.12      % 61.58      % 111       
2026-04-13 13:03:57,677 - 79         68.09      % 49.03      % 46.72      % 44.42      % 141       
2026-04-13 13:03:57,677 - 88         100.00     % 50.00      % 50.00      % 50.00      % 10        
2026-04-13 13:03:57,677 - 89         90.79      % 87.53      % 91.43      % 89.09      % 152       
2026-04-13 13:03:57,677 - 91         50.00      % 50.00      % 25.00      % 33.33      % 2         
2026-04-13 13:03:57,677 - 93         50.00      % 50.00      % 25.00      % 33.33      % 2         
2026-04-13 13:03:57,678 - 94         73.96      % 53.70      % 86.70      % 49.23      % 96        
2026-04-13 13:03:57,678 - 113        0.00       % 0.00       % 0.00       % 0.00       % 1         
2026-04-13 13:03:57,678 - 116        25.00      % 12.50      % 50.00      % 20.00      % 4         
2026-04-13 13:03:57,678 - 119        77.13      % 54.85      % 79.75      % 52.62      % 1998      
2026-04-13 13:03:57,678 - 120        72.96      % 52.27      % 86.30      % 46.41      % 233       
2026-04-13 13:03:57,678 - 121        50.00      % 50.00      % 25.00      % 33.33      % 2         
2026-04-13 13:03:57,678 - 122        61.29      % 54.91      % 63.69      % 49.46      % 31        
2026-04-13 13:03:57,678 - 125        77.62      % 55.52      % 77.77      % 54.00      % 1778      
2026-04-13 13:03:57,678 - 129        75.00      % 60.00      % 71.33      % 60.40      % 28        
2026-04-13 13:03:57,678 - 131        80.00      % 75.00      % 87.50      % 76.19      % 5         
2026-04-13 13:03:57,678 - 134        84.21      % 48.48      % 43.24      % 45.71      % 38        
2026-04-13 13:03:57,678 - 172        66.67      % 50.00      % 33.33      % 40.00      % 3         
2026-04-13 13:03:57,678 - 189        83.27      % 58.82      % 89.02      % 60.29      % 556       
2026-04-13 13:03:57,678 - 190        75.37      % 54.18      % 78.50      % 50.96      % 747       
2026-04-13 13:03:57,678 - 191        69.23      % 50.00      % 34.62      % 40.91      % 26        
2026-04-13 13:03:57,679 - 193        66.67      % 47.06      % 34.78      % 40.00      % 24        
2026-04-13 13:03:57,679 - 200        77.79      % 54.98      % 82.97      % 52.88      % 905       
2026-04-13 13:03:57,679 - 203        100.00     % 50.00      % 50.00      % 50.00      % 2         
2026-04-13 13:03:57,679 - 212        25.00      % 25.00      % 16.67      % 20.00      % 4         
2026-04-13 13:03:57,679 - 241        100.00     % 50.00      % 50.00      % 50.00      % 5         
2026-04-13 13:03:57,679 - 252        58.33      % 43.75      % 31.82      % 36.84      % 12        
2026-04-13 13:03:57,679 - 254        86.42      % 54.17      % 93.12      % 54.00      % 81        
2026-04-13 13:03:57,679 - 255        33.33      % 50.00      % 16.67      % 25.00      % 3         
2026-04-13 13:03:57,679 - 264        84.89      % 53.63      % 80.97      % 52.85      % 814       
2026-04-13 13:03:57,679 - 269        84.48      % 55.00      % 92.11      % 54.81      % 116       
2026-04-13 13:03:57,679 - 273        83.33      % 75.00      % 90.00      % 77.78      % 6         
2026-04-13 13:03:57,679 - 275        80.00      % 50.00      % 40.00      % 44.44      % 5         
2026-04-13 13:03:57,679 - 276        72.97      % 50.00      % 36.49      % 42.19      % 37        
2026-04-13 13:03:57,679 - 281        83.33      % 50.00      % 41.67      % 45.45      % 6         
2026-04-13 13:03:57,679 - 284        74.36      % 52.64      % 70.61      % 48.38      % 234       
2026-04-13 13:03:57,680 - 285        80.00      % 50.00      % 40.00      % 44.44      % 5         
2026-04-13 13:03:57,680 - 287        58.93      % 54.00      % 78.70      % 43.88      % 56        
2026-04-13 13:03:57,680 - 288        71.43      % 50.00      % 35.71      % 41.67      % 7         
2026-04-13 13:03:57,680 - 290        60.00      % 66.67      % 75.00      % 58.33      % 5         
2026-04-13 13:03:57,680 - 294        47.37      % 50.00      % 23.68      % 32.14      % 19        
2026-04-13 13:03:57,680 - 295        63.33      % 54.17      % 81.03      % 45.99      % 30        
2026-04-13 13:03:57,680 - 307        84.21      % 47.06      % 44.44      % 45.71      % 19        
2026-04-13 13:03:57,680 - 310        69.59      % 53.67      % 74.62      % 48.29      % 148       
2026-04-13 13:03:57,680 - 311        83.33      % 50.00      % 41.67      % 45.45      % 6         
2026-04-13 13:03:57,680 - 320        60.00      % 57.14      % 78.57      % 48.86      % 15        
2026-04-13 13:03:57,680 - 326        100.00     % 50.00      % 50.00      % 50.00      % 3         
2026-04-13 13:03:57,680 - 327        90.70      % 61.22      % 71.34      % 64.17      % 43        
2026-04-13 13:03:57,680 - 345        66.67      % 57.14      % 82.35      % 51.79      % 18        
2026-04-13 13:03:57,680 - 346        83.33      % 41.67      % 50.00      % 45.45      % 6         
2026-04-13 13:03:57,680 - 347        100.00     % 100.00     % 100.00     % 100.00     % 3         
2026-04-13 13:03:57,681 - 349        100.00     % 50.00      % 50.00      % 50.00      % 5         
2026-04-13 13:03:57,681 - 352        100.00     % 50.00      % 50.00      % 50.00      % 4         
2026-04-13 13:03:57,681 - 354        73.33      % 60.00      % 85.71      % 58.33      % 15        
2026-04-13 13:03:57,681 - 361        100.00     % 50.00      % 50.00      % 50.00      % 2         
2026-04-13 13:03:57,681 - 362        86.41      % 56.37      % 79.14      % 57.77      % 493       
2026-04-13 13:03:57,681 - 369        68.22      % 54.96      % 75.41      % 49.90      % 258       
2026-04-13 13:03:57,681 - 388        93.33      % 66.67      % 96.55      % 73.21      % 30        
2026-04-13 13:03:57,681 - 399        81.61      % 56.36      % 75.84      % 56.62      % 560       
2026-04-13 13:03:57,681 - 400        81.68      % 55.56      % 90.62      % 54.83      % 131       
2026-04-13 13:03:57,681 - 401        80.17      % 53.96      % 89.91      % 51.73      % 469       
2026-04-13 13:03:57,681 - 404        50.00      % 58.33      % 72.22      % 45.05      % 10        
2026-04-13 13:03:57,681 - 415        76.80      % 53.12      % 80.00      % 49.49      % 306       
2026-04-13 13:03:57,681 - 416        81.97      % 54.50      % 75.46      % 53.73      % 1248      
2026-04-13 13:03:57,681 - 417        75.00      % 50.00      % 37.50      % 42.86      % 4         
2026-04-13 13:03:57,681 - 434        68.97      % 50.00      % 34.48      % 40.82      % 29        
2026-04-13 13:03:57,682 - 444        75.00      % 50.00      % 37.50      % 42.86      % 12        
2026-04-13 13:03:57,682 - 459        85.29      % 50.00      % 42.65      % 46.03      % 34        
2026-04-13 13:03:57,682 - 476        80.22      % 53.97      % 71.64      % 52.56      % 1294      
2026-04-13 13:03:57,682 - 502        62.50      % 50.00      % 31.25      % 38.46      % 8         
2026-04-13 13:03:57,682 - 522        72.73      % 62.50      % 85.00      % 61.18      % 11        
2026-04-13 13:03:57,682 - 532        94.74      % 75.00      % 97.22      % 81.90      % 19        
2026-04-13 13:03:57,682 - 552        64.29      % 50.00      % 32.14      % 39.13      % 28        
2026-04-13 13:03:57,682 - 601        73.68      % 50.00      % 36.84      % 42.42      % 19        
2026-04-13 13:03:57,682 - 611        66.67      % 50.00      % 33.33      % 40.00      % 18        
2026-04-13 13:03:57,682 - 617        86.38      % 53.92      % 93.11      % 53.57      % 345       
2026-04-13 13:03:57,682 - 639        0.00       % 0.00       % 0.00       % 0.00       % 2         
2026-04-13 13:03:57,682 - 662        100.00     % 50.00      % 50.00      % 50.00      % 2         
2026-04-13 13:03:57,682 - 664        100.00     % 50.00      % 50.00      % 50.00      % 1         
2026-04-13 13:03:57,682 - 665        75.00      % 61.76      % 86.46      % 61.22      % 52        
2026-04-13 13:03:57,682 - 667        87.50      % 43.75      % 50.00      % 46.67      % 8         
2026-04-13 13:03:57,683 - 668        80.00      % 50.00      % 40.00      % 44.44      % 15        
2026-04-13 13:03:57,683 - 672        0.00       % 0.00       % 0.00       % 0.00       % 1         
2026-04-13 13:03:57,683 - 674        41.03      % 49.05      % 45.27      % 32.30      % 39        
2026-04-13 13:03:57,683 - 681        25.00      % 50.00      % 12.50      % 20.00      % 4         
2026-04-13 13:03:57,683 - 682        68.00      % 55.56      % 83.33      % 50.00      % 25        
2026-04-13 13:03:57,683 - 693        75.00      % 50.00      % 37.50      % 42.86      % 4         
2026-04-13 13:03:57,683 - 697        70.00      % 50.00      % 35.00      % 41.18      % 30        
2026-04-13 13:03:57,683 - 703        77.46      % 57.25      % 82.91      % 56.31      % 812       
2026-04-13 13:03:57,683 - 704        85.33      % 54.17      % 92.57      % 53.68      % 75        
2026-04-13 13:03:57,683 - 706        0.00       % 0.00       % 0.00       % 0.00       % 1         
2026-04-13 13:03:57,683 - 707        90.48      % 50.00      % 45.24      % 47.50      % 21        
2026-04-13 13:03:57,683 - 732        96.77      % 50.00      % 48.39      % 49.18      % 31        
2026-04-13 13:03:57,683 - 754        86.44      % 60.11      % 77.08      % 62.89      % 59        
2026-04-13 13:03:57,683 - 755        81.82      % 57.14      % 90.62      % 57.33      % 33        
2026-04-13 13:03:57,683 - 763        53.33      % 50.00      % 26.67      % 34.78      % 15        
2026-04-13 13:03:57,684 - 770        52.63      % 55.00      % 75.00      % 42.42      % 19        
2026-04-13 13:03:57,684 - 772        80.12      % 57.14      % 77.68      % 57.30      % 171       
2026-04-13 13:03:57,684 - 787        79.36      % 54.68      % 86.03      % 52.78      % 1846      
2026-04-13 13:03:57,684 - 798        0.00       % 0.00       % 0.00       % 0.00       % 1         
2026-04-13 13:03:57,684 - 823        0.00       % 0.00       % 0.00       % 0.00       % 1         
2026-04-13 13:03:57,684 - 824        53.33      % 50.00      % 26.67      % 34.78      % 15        
2026-04-13 13:03:57,684 - 834        80.56      % 56.25      % 90.00      % 55.56      % 36        
2026-04-13 13:03:57,684 - 835        78.84      % 54.55      % 89.19      % 52.27      % 189       
2026-04-13 13:03:57,684 - 843        60.00      % 54.55      % 79.17      % 45.18      % 25        
2026-04-13 13:03:57,684 - 862        78.26      % 47.37      % 40.91      % 43.90      % 23        
2026-04-13 13:03:57,684 - 863        86.36      % 50.00      % 43.18      % 46.34      % 22        
2026-04-13 13:03:57,684 - 908        70.00      % 50.00      % 35.00      % 41.18      % 10        
2026-04-13 13:03:57,684 - 909        75.86      % 50.00      % 37.93      % 43.14      % 29        
2026-04-13 13:03:57,684 - 918        50.00      % 50.00      % 25.00      % 33.33      % 4         
2026-04-13 13:03:57,684 - 924        0.00       % 0.00       % 0.00       % 0.00       % 2         
2026-04-13 13:03:57,685 - 1021       100.00     % 100.00     % 100.00     % 100.00     % 4         
2026-04-13 13:03:57,685 - ----------------------------------------------------------------------
2026-04-13 13:03:57,685 - Overall    71.05      % 50.92      % 56.95      % 46.82      % 22606     
2026-04-13 13:03:57,685 - 
============================================================
2026-04-13 13:03:57,685 - TEST RESULTS BY LANGUAGE (with optimal threshold)
2026-04-13 13:03:57,685 - ============================================================
2026-04-13 13:15:30,830 - Language        Accuracy     Precision    Recall       F1           Samples   
2026-04-13 13:15:30,830 - ---------------------------------------------------------------------------
2026-04-13 13:15:30,831 - CCPP            79.37      % 54.32      % 79.61      % 52.46      % 22454     
2026-04-13 13:15:30,831 - Python          76.32      % 76.99      % 76.09      % 76.05      % 152       
2026-04-13 13:15:30,831 - ---------------------------------------------------------------------------
2026-04-13 13:15:30,831 - Overall         77.84      % 65.66      % 77.85      % 64.25      % 22606     
2026-04-13 13:15:30,831 - 
============================================================
2026-04-13 13:15:30,831 - TEST RESULTS BY LANGUAGE + CWE (with optimal threshold)
2026-04-13 13:15:30,831 - ============================================================
2026-04-13 13:27:03,756 - Language | CWE            Accuracy     Precision    Recall       F1           Samples   
2026-04-13 13:27:03,756 - -------------------------------------------------------------------------------------
2026-04-13 13:27:03,756 - CCPP | CWE--1             81.01      % 50.00      % 40.51      % 44.76      % 2312      
2026-04-13 13:27:03,756 - CCPP | CWE--2             83.93      % 50.00      % 41.96      % 45.63      % 871       
2026-04-13 13:27:03,756 - CCPP | CWE-1021           100.00     % 100.00     % 100.00     % 100.00     % 4         
2026-04-13 13:27:03,756 - CCPP | CWE-113            0.00       % 0.00       % 0.00       % 0.00       % 1         
2026-04-13 13:27:03,756 - CCPP | CWE-116            25.00      % 12.50      % 50.00      % 20.00      % 4         
2026-04-13 13:27:03,757 - CCPP | CWE-119            77.13      % 54.85      % 79.75      % 52.62      % 1998      
2026-04-13 13:27:03,757 - CCPP | CWE-120            72.96      % 52.27      % 86.30      % 46.41      % 233       
2026-04-13 13:27:03,757 - CCPP | CWE-121            50.00      % 50.00      % 25.00      % 33.33      % 2         
2026-04-13 13:27:03,757 - CCPP | CWE-122            61.29      % 54.91      % 63.69      % 49.46      % 31        
2026-04-13 13:27:03,757 - CCPP | CWE-125            77.62      % 55.52      % 77.77      % 54.00      % 1778      
2026-04-13 13:27:03,757 - CCPP | CWE-129            75.00      % 60.00      % 71.33      % 60.40      % 28        
2026-04-13 13:27:03,757 - CCPP | CWE-131            80.00      % 75.00      % 87.50      % 76.19      % 5         
2026-04-13 13:27:03,757 - CCPP | CWE-134            84.21      % 48.48      % 43.24      % 45.71      % 38        
2026-04-13 13:27:03,757 - CCPP | CWE-16             100.00     % 50.00      % 50.00      % 50.00      % 4         
2026-04-13 13:27:03,757 - CCPP | CWE-17             88.24      % 60.00      % 93.94      % 63.44      % 34        
2026-04-13 13:27:03,757 - CCPP | CWE-172            66.67      % 50.00      % 33.33      % 40.00      % 3         
2026-04-13 13:27:03,757 - CCPP | CWE-189            83.27      % 58.82      % 89.02      % 60.29      % 556       
2026-04-13 13:27:03,757 - CCPP | CWE-19             87.50      % 57.14      % 69.57      % 59.09      % 48        
2026-04-13 13:27:03,757 - CCPP | CWE-190            75.37      % 54.18      % 78.50      % 50.96      % 747       
2026-04-13 13:27:03,758 - CCPP | CWE-191            69.23      % 50.00      % 34.62      % 40.91      % 26        
2026-04-13 13:27:03,758 - CCPP | CWE-193            66.67      % 47.06      % 34.78      % 40.00      % 24        
2026-04-13 13:27:03,758 - CCPP | CWE-20             80.79      % 55.75      % 82.56      % 55.12      % 1473      
2026-04-13 13:27:03,758 - CCPP | CWE-200            77.79      % 54.98      % 82.97      % 52.88      % 905       
2026-04-13 13:27:03,758 - CCPP | CWE-203            100.00     % 50.00      % 50.00      % 50.00      % 2         
2026-04-13 13:27:03,758 - CCPP | CWE-212            25.00      % 25.00      % 16.67      % 20.00      % 4         
2026-04-13 13:27:03,758 - CCPP | CWE-22             81.63      % 53.15      % 74.31      % 51.32      % 147       
2026-04-13 13:27:03,758 - CCPP | CWE-241            100.00     % 50.00      % 50.00      % 50.00      % 5         
2026-04-13 13:27:03,758 - CCPP | CWE-252            58.33      % 43.75      % 31.82      % 36.84      % 12        
2026-04-13 13:27:03,758 - CCPP | CWE-254            86.42      % 54.17      % 93.12      % 54.00      % 81        
2026-04-13 13:27:03,758 - CCPP | CWE-255            33.33      % 50.00      % 16.67      % 25.00      % 3         
2026-04-13 13:27:03,758 - CCPP | CWE-264            84.89      % 53.63      % 80.97      % 52.85      % 814       
2026-04-13 13:27:03,758 - CCPP | CWE-269            84.48      % 55.00      % 92.11      % 54.81      % 116       
2026-04-13 13:27:03,758 - CCPP | CWE-273            83.33      % 75.00      % 90.00      % 77.78      % 6         
2026-04-13 13:27:03,758 - CCPP | CWE-275            80.00      % 50.00      % 40.00      % 44.44      % 5         
2026-04-13 13:27:03,758 - CCPP | CWE-276            72.97      % 50.00      % 36.49      % 42.19      % 37        
2026-04-13 13:27:03,759 - CCPP | CWE-281            83.33      % 50.00      % 41.67      % 45.45      % 6         
2026-04-13 13:27:03,759 - CCPP | CWE-284            74.36      % 52.64      % 70.61      % 48.38      % 234       
2026-04-13 13:27:03,759 - CCPP | CWE-285            80.00      % 50.00      % 40.00      % 44.44      % 5         
2026-04-13 13:27:03,759 - CCPP | CWE-287            58.93      % 54.00      % 78.70      % 43.88      % 56        
2026-04-13 13:27:03,759 - CCPP | CWE-288            71.43      % 50.00      % 35.71      % 41.67      % 7         
2026-04-13 13:27:03,759 - CCPP | CWE-290            60.00      % 66.67      % 75.00      % 58.33      % 5         
2026-04-13 13:27:03,759 - CCPP | CWE-294            47.37      % 50.00      % 23.68      % 32.14      % 19        
2026-04-13 13:27:03,759 - CCPP | CWE-295            63.33      % 54.17      % 81.03      % 45.99      % 30        
2026-04-13 13:27:03,759 - CCPP | CWE-307            84.21      % 47.06      % 44.44      % 45.71      % 19        
2026-04-13 13:27:03,759 - CCPP | CWE-310            69.59      % 53.67      % 74.62      % 48.29      % 148       
2026-04-13 13:27:03,759 - CCPP | CWE-311            83.33      % 50.00      % 41.67      % 45.45      % 6         
2026-04-13 13:27:03,759 - CCPP | CWE-320            60.00      % 57.14      % 78.57      % 48.86      % 15        
2026-04-13 13:27:03,759 - CCPP | CWE-326            100.00     % 50.00      % 50.00      % 50.00      % 3         
2026-04-13 13:27:03,759 - CCPP | CWE-327            90.70      % 61.22      % 71.34      % 64.17      % 43        
2026-04-13 13:27:03,759 - CCPP | CWE-345            66.67      % 57.14      % 82.35      % 51.79      % 18        
2026-04-13 13:27:03,760 - CCPP | CWE-346            83.33      % 41.67      % 50.00      % 45.45      % 6         
2026-04-13 13:27:03,760 - CCPP | CWE-347            100.00     % 100.00     % 100.00     % 100.00     % 3         
2026-04-13 13:27:03,760 - CCPP | CWE-349            100.00     % 50.00      % 50.00      % 50.00      % 5         
2026-04-13 13:27:03,760 - CCPP | CWE-352            100.00     % 50.00      % 50.00      % 50.00      % 4         
2026-04-13 13:27:03,760 - CCPP | CWE-354            73.33      % 60.00      % 85.71      % 58.33      % 15        
2026-04-13 13:27:03,760 - CCPP | CWE-361            100.00     % 50.00      % 50.00      % 50.00      % 2         
2026-04-13 13:27:03,760 - CCPP | CWE-362            86.41      % 56.37      % 79.14      % 57.77      % 493       
2026-04-13 13:27:03,760 - CCPP | CWE-369            68.22      % 54.96      % 75.41      % 49.90      % 258       
2026-04-13 13:27:03,760 - CCPP | CWE-388            93.33      % 66.67      % 96.55      % 73.21      % 30        
2026-04-13 13:27:03,760 - CCPP | CWE-399            81.61      % 56.36      % 75.84      % 56.62      % 560       
2026-04-13 13:27:03,760 - CCPP | CWE-400            81.68      % 55.56      % 90.62      % 54.83      % 131       
2026-04-13 13:27:03,760 - CCPP | CWE-401            80.17      % 53.96      % 89.91      % 51.73      % 469       
2026-04-13 13:27:03,760 - CCPP | CWE-404            50.00      % 58.33      % 72.22      % 45.05      % 10        
2026-04-13 13:27:03,760 - CCPP | CWE-415            76.80      % 53.12      % 80.00      % 49.49      % 306       
2026-04-13 13:27:03,760 - CCPP | CWE-416            81.97      % 54.50      % 75.46      % 53.73      % 1248      
2026-04-13 13:27:03,761 - CCPP | CWE-417            75.00      % 50.00      % 37.50      % 42.86      % 4         
2026-04-13 13:27:03,761 - CCPP | CWE-434            68.97      % 50.00      % 34.48      % 40.82      % 29        
2026-04-13 13:27:03,761 - CCPP | CWE-444            75.00      % 50.00      % 37.50      % 42.86      % 12        
2026-04-13 13:27:03,761 - CCPP | CWE-459            85.29      % 50.00      % 42.65      % 46.03      % 34        
2026-04-13 13:27:03,761 - CCPP | CWE-476            80.22      % 53.97      % 71.64      % 52.56      % 1294      
2026-04-13 13:27:03,761 - CCPP | CWE-502            62.50      % 50.00      % 31.25      % 38.46      % 8         
2026-04-13 13:27:03,761 - CCPP | CWE-522            72.73      % 62.50      % 85.00      % 61.18      % 11        
2026-04-13 13:27:03,761 - CCPP | CWE-532            94.74      % 75.00      % 97.22      % 81.90      % 19        
2026-04-13 13:27:03,761 - CCPP | CWE-552            64.29      % 50.00      % 32.14      % 39.13      % 28        
2026-04-13 13:27:03,761 - CCPP | CWE-59             79.63      % 63.04      % 79.80      % 64.87      % 54        
2026-04-13 13:27:03,761 - CCPP | CWE-601            73.68      % 50.00      % 36.84      % 42.42      % 19        
2026-04-13 13:27:03,761 - CCPP | CWE-61             61.11      % 50.00      % 30.56      % 37.93      % 18        
2026-04-13 13:27:03,761 - CCPP | CWE-611            66.67      % 50.00      % 33.33      % 40.00      % 18        
2026-04-13 13:27:03,761 - CCPP | CWE-617            86.38      % 53.92      % 93.11      % 53.57      % 345       
2026-04-13 13:27:03,761 - CCPP | CWE-639            0.00       % 0.00       % 0.00       % 0.00       % 2         
2026-04-13 13:27:03,762 - CCPP | CWE-662            100.00     % 50.00      % 50.00      % 50.00      % 2         
2026-04-13 13:27:03,762 - CCPP | CWE-664            100.00     % 50.00      % 50.00      % 50.00      % 1         
2026-04-13 13:27:03,762 - CCPP | CWE-665            75.00      % 61.76      % 86.46      % 61.22      % 52        
2026-04-13 13:27:03,762 - CCPP | CWE-667            87.50      % 43.75      % 50.00      % 46.67      % 8         
2026-04-13 13:27:03,762 - CCPP | CWE-668            80.00      % 50.00      % 40.00      % 44.44      % 15        
2026-04-13 13:27:03,762 - CCPP | CWE-672            0.00       % 0.00       % 0.00       % 0.00       % 1         
2026-04-13 13:27:03,762 - CCPP | CWE-674            41.03      % 49.05      % 45.27      % 32.30      % 39        
2026-04-13 13:27:03,762 - CCPP | CWE-681            25.00      % 50.00      % 12.50      % 20.00      % 4         
2026-04-13 13:27:03,762 - CCPP | CWE-682            68.00      % 55.56      % 83.33      % 50.00      % 25        
2026-04-13 13:27:03,762 - CCPP | CWE-693            75.00      % 50.00      % 37.50      % 42.86      % 4         
2026-04-13 13:27:03,762 - CCPP | CWE-697            70.00      % 50.00      % 35.00      % 41.18      % 30        
2026-04-13 13:27:03,762 - CCPP | CWE-703            77.46      % 57.25      % 82.91      % 56.31      % 812       
2026-04-13 13:27:03,762 - CCPP | CWE-704            85.33      % 54.17      % 92.57      % 53.68      % 75        
2026-04-13 13:27:03,762 - CCPP | CWE-706            0.00       % 0.00       % 0.00       % 0.00       % 1         
2026-04-13 13:27:03,762 - CCPP | CWE-707            90.48      % 50.00      % 45.24      % 47.50      % 21        
2026-04-13 13:27:03,763 - CCPP | CWE-732            96.77      % 50.00      % 48.39      % 49.18      % 31        
2026-04-13 13:27:03,763 - CCPP | CWE-74             76.47      % 60.00      % 87.50      % 59.52      % 17        
2026-04-13 13:27:03,763 - CCPP | CWE-754            86.44      % 60.11      % 77.08      % 62.89      % 59        
2026-04-13 13:27:03,763 - CCPP | CWE-755            81.82      % 57.14      % 90.62      % 57.33      % 33        
2026-04-13 13:27:03,763 - CCPP | CWE-763            53.33      % 50.00      % 26.67      % 34.78      % 15        
2026-04-13 13:27:03,763 - CCPP | CWE-77             71.43      % 48.08      % 36.76      % 41.67      % 35        
2026-04-13 13:27:03,763 - CCPP | CWE-770            52.63      % 55.00      % 75.00      % 42.42      % 19        
2026-04-13 13:27:03,763 - CCPP | CWE-772            80.12      % 57.14      % 77.68      % 57.30      % 171       
2026-04-13 13:27:03,763 - CCPP | CWE-78             78.26      % 53.12      % 88.97      % 49.68      % 69        
2026-04-13 13:27:03,763 - CCPP | CWE-787            79.36      % 54.68      % 86.03      % 52.78      % 1846      
2026-04-13 13:27:03,763 - CCPP | CWE-79             72.58      % 52.30      % 69.70      % 47.17      % 124       
2026-04-13 13:27:03,763 - CCPP | CWE-798            0.00       % 0.00       % 0.00       % 0.00       % 1         
2026-04-13 13:27:03,763 - CCPP | CWE-823            0.00       % 0.00       % 0.00       % 0.00       % 1         
2026-04-13 13:27:03,763 - CCPP | CWE-824            53.33      % 50.00      % 26.67      % 34.78      % 15        
2026-04-13 13:27:03,763 - CCPP | CWE-834            80.56      % 56.25      % 90.00      % 55.56      % 36        
2026-04-13 13:27:03,763 - CCPP | CWE-835            78.84      % 54.55      % 89.19      % 52.27      % 189       
2026-04-13 13:27:03,764 - CCPP | CWE-843            60.00      % 54.55      % 79.17      % 45.18      % 25        
2026-04-13 13:27:03,764 - CCPP | CWE-862            78.26      % 47.37      % 40.91      % 43.90      % 23        
2026-04-13 13:27:03,764 - CCPP | CWE-863            86.36      % 50.00      % 43.18      % 46.34      % 22        
2026-04-13 13:27:03,764 - CCPP | CWE-88             100.00     % 50.00      % 50.00      % 50.00      % 10        
2026-04-13 13:27:03,764 - CCPP | CWE-89             84.72      % 54.17      % 92.25      % 53.49      % 72        
2026-04-13 13:27:03,764 - CCPP | CWE-908            70.00      % 50.00      % 35.00      % 41.18      % 10        
2026-04-13 13:27:03,764 - CCPP | CWE-909            75.86      % 50.00      % 37.93      % 43.14      % 29        
2026-04-13 13:27:03,764 - CCPP | CWE-91             50.00      % 50.00      % 25.00      % 33.33      % 2         
2026-04-13 13:27:03,764 - CCPP | CWE-918            50.00      % 50.00      % 25.00      % 33.33      % 4         
2026-04-13 13:27:03,764 - CCPP | CWE-924            0.00       % 0.00       % 0.00       % 0.00       % 2         
2026-04-13 13:27:03,764 - CCPP | CWE-93             50.00      % 50.00      % 25.00      % 33.33      % 2         
2026-04-13 13:27:03,764 - CCPP | CWE-94             73.96      % 53.70      % 86.70      % 49.23      % 96        
2026-04-13 13:27:03,764 - Python | CWE-22           53.85      % 51.25      % 51.25      % 51.25      % 13        
2026-04-13 13:27:03,764 - Python | CWE-78           61.90      % 64.29      % 62.73      % 61.11      % 42        
2026-04-13 13:27:03,764 - Python | CWE-79           35.29      % 25.00      % 27.27      % 26.09      % 17        
2026-04-13 13:27:03,765 - Python | CWE-89           96.25      % 96.43      % 96.34      % 96.25      % 80        
2026-04-13 13:27:03,765 - -------------------------------------------------------------------------------------
2026-04-13 13:27:03,765 - Overall                   70.82      % 50.88      % 57.48      % 46.82      % 22606     
2026-04-13 13:27:03,768 - ✓ Final report saved to results/final_report_20260413_125214.txt
2026-04-13 13:27:03,768 - 
============================================================
2026-04-13 13:27:03,769 - Quy trình huấn luyện hoàn tất thành công!
2026-04-13 13:27:03,769 - ============================================================
2026-04-13 13:27:03,769 - Log file: logs/training_20260413_100209.log
2026-04-13 13:27:03,769 - Results directory: results
2026-04-13 13:27:03,769 - ============================================================
